\BOOKMARK [0][-]{chapter.1}{\376\377\000P\000r\000o\000j\000e\000k\000t\000\040\000l\000e\000\355\000r\000\341\000s\000\040}{}% 1
\BOOKMARK [1][-]{section.1.1}{\376\377\000B\000e\000v\000e\000z\000e\000t\000\351\000s\000\040}{chapter.1}% 2
\BOOKMARK [1][-]{section.1.2}{\376\377\000M\000u\000n\000k\000a\000m\000e\000g\000o\000s\000z\000t\000\341\000s\000\040}{chapter.1}% 3
\BOOKMARK [2][-]{subsection.1.2.1}{\376\377\000P\000\351\000k\000\040\000G\000e\000r\000g\001\121}{section.1.2}% 4
\BOOKMARK [2][-]{subsection.1.2.2}{\376\377\000K\000i\000s\000s\000\040\000K\000o\000l\000o\000s}{section.1.2}% 5
\BOOKMARK [2][-]{subsection.1.2.3}{\376\377\000G\000a\000r\000a\000i\000\040\000N\000\341\000n\000d\000o\000r}{section.1.2}% 6
\BOOKMARK [1][-]{section.1.3}{\376\377\000M\000u\000n\000k\000a\000\040\000f\000o\000l\000y\000a\000m\000a\000t\000a}{chapter.1}% 7
\BOOKMARK [1][-]{section.1.4}{\376\377\000H\000a\000s\000z\000n\000\341\000l\000t\000\040\000f\000e\000j\000l\000e\000s\000z\000t\001\121\000i\000\040\000e\000s\000z\000k\000\366\000z\000\366\000k}{chapter.1}% 8
\BOOKMARK [-1][-]{part.1}{\376\377\000I\000\040\000F\000e\000j\000l\000e\000s\000z\000t\001\121\000i\000\040\000d\000o\000k\000u\000m\000e\000n\000t\000\341\000c\000i\000\363\000\040}{}% 9
\BOOKMARK [0][-]{chapter.2}{\376\377\000A\000P\000I\000\040\000d\000o\000k\000u\000m\000e\000n\000t\000\341\000c\000i\000\363\000\040}{part.1}% 10
\BOOKMARK [1][-]{section.2.1}{\376\377\000A\000P\000I\000\040\000T\000\355\000p\000u\000s\000o\000k\000\040}{chapter.2}% 11
\BOOKMARK [2][-]{subsection.2.1.1}{\376\377\000U\000n\000i\000t}{section.2.1}% 12
\BOOKMARK [2][-]{subsection.2.1.2}{\376\377\000U\000n\000i\000t\000P\000u\000t\000R\000e\000q\000u\000e\000s\000t}{section.2.1}% 13
\BOOKMARK [2][-]{subsection.2.1.3}{\376\377\000I\000t\000e\000m}{section.2.1}% 14
\BOOKMARK [2][-]{subsection.2.1.4}{\376\377\000I\000t\000e\000m\000P\000u\000t\000R\000e\000q\000u\000e\000s\000t}{section.2.1}% 15
\BOOKMARK [2][-]{subsection.2.1.5}{\376\377\000W\000a\000r\000e\000h\000o\000u\000s\000e}{section.2.1}% 16
\BOOKMARK [2][-]{subsection.2.1.6}{\376\377\000W\000a\000r\000e\000h\000o\000u\000s\000e\000P\000u\000t\000R\000e\000q\000u\000e\000s\000t}{section.2.1}% 17
\BOOKMARK [2][-]{subsection.2.1.7}{\376\377\000S\000t\000o\000r\000a\000g\000e}{section.2.1}% 18
\BOOKMARK [2][-]{subsection.2.1.8}{\376\377\000S\000t\000o\000r\000a\000g\000e\000P\000u\000t\000R\000e\000q\000u\000e\000s\000t}{section.2.1}% 19
\BOOKMARK [2][-]{subsection.2.1.9}{\376\377\000U\000s\000e\000r}{section.2.1}% 20
\BOOKMARK [2][-]{subsection.2.1.10}{\376\377\000U\000s\000e\000r\000P\000u\000t\000R\000e\000q\000u\000e\000s\000t}{section.2.1}% 21
\BOOKMARK [2][-]{subsection.2.1.11}{\376\377\000O\000p\000e\000r\000a\000t\000i\000o\000n\000I\000t\000e\000m}{section.2.1}% 22
\BOOKMARK [2][-]{subsection.2.1.12}{\376\377\000O\000p\000e\000r\000a\000t\000i\000o\000n}{section.2.1}% 23
\BOOKMARK [2][-]{subsection.2.1.13}{\376\377\000O\000p\000e\000r\000a\000t\000i\000o\000n\000I\000t\000e\000m\000R\000e\000q\000u\000e\000s\000t}{section.2.1}% 24
\BOOKMARK [2][-]{subsection.2.1.14}{\376\377\000O\000p\000e\000r\000a\000t\000i\000o\000n\000R\000e\000q\000u\000e\000s\000t}{section.2.1}% 25
\BOOKMARK [2][-]{subsection.2.1.15}{\376\377\000O\000p\000e\000r\000a\000t\000i\000o\000n\000C\000o\000m\000m\000i\000t}{section.2.1}% 26
\BOOKMARK [2][-]{subsection.2.1.16}{\376\377\000M\000o\000v\000e\000R\000e\000q\000u\000e\000s\000t}{section.2.1}% 27
\BOOKMARK [2][-]{subsection.2.1.17}{\376\377\000L\000o\000g\000i\000n\000R\000e\000q\000u\000e\000s\000t}{section.2.1}% 28
\BOOKMARK [2][-]{subsection.2.1.18}{\376\377\000L\000o\000g\000i\000n\000R\000e\000s\000p\000o\000n\000s\000e}{section.2.1}% 29
\BOOKMARK [2][-]{subsection.2.1.19}{\376\377\000R\000e\000n\000e\000w\000R\000e\000s\000p\000o\000n\000s\000e}{section.2.1}% 30
\BOOKMARK [2][-]{subsection.2.1.20}{\376\377\000U\000s\000e\000r\000i\000n\000f\000o\000R\000e\000s\000p\000o\000n\000s\000e}{section.2.1}% 31
\BOOKMARK [2][-]{subsection.2.1.21}{\376\377\000S\000t\000o\000r\000a\000g\000e\000L\000i\000m\000i\000t}{section.2.1}% 32
\BOOKMARK [2][-]{subsection.2.1.22}{\376\377\000S\000t\000o\000r\000a\000g\000e\000L\000i\000m\000i\000t\000P\000u\000t\000R\000e\000q\000u\000e\000s\000t}{section.2.1}% 33
\BOOKMARK [2][-]{subsection.2.1.23}{\376\377\000S\000t\000o\000r\000a\000g\000e\000C\000a\000p\000a\000c\000i\000t\000y}{section.2.1}% 34
\BOOKMARK [2][-]{subsection.2.1.24}{\376\377\000I\000t\000e\000m\000S\000t\000a\000c\000k}{section.2.1}% 35
\BOOKMARK [2][-]{subsection.2.1.25}{\376\377\000I\000t\000e\000m\000D\000B}{section.2.1}% 36
\BOOKMARK [2][-]{subsection.2.1.26}{\376\377\000I\000t\000e\000m\000S\000t\000a\000c\000k\000D\000B}{section.2.1}% 37
\BOOKMARK [2][-]{subsection.2.1.27}{\376\377\000S\000t\000o\000r\000a\000g\000e\000L\000i\000m\000i\000t\000D\000B}{section.2.1}% 38
\BOOKMARK [2][-]{subsection.2.1.28}{\376\377\000W\000a\000r\000e\000h\000o\000u\000s\000e\000D\000B}{section.2.1}% 39
\BOOKMARK [2][-]{subsection.2.1.29}{\376\377\000S\000t\000o\000r\000a\000g\000e\000D\000B}{section.2.1}% 40
\BOOKMARK [2][-]{subsection.2.1.30}{\376\377\000L\000o\000c\000a\000l\000A\000u\000t\000h\000o\000r\000i\000z\000a\000t\000i\000o\000n\000D\000B}{section.2.1}% 41
\BOOKMARK [2][-]{subsection.2.1.31}{\376\377\000U\000s\000e\000r\000D\000B}{section.2.1}% 42
\BOOKMARK [2][-]{subsection.2.1.32}{\376\377\000D\000B}{section.2.1}% 43
\BOOKMARK [1][-]{section.2.2}{\376\377\000H\000i\000t\000e\000l\000e\000s\000\355\000t\000\351\000s\000\040}{chapter.2}% 44
\BOOKMARK [2][-]{subsection.2.2.1}{\376\377\000F\000e\000l\000h\000a\000s\000z\000n\000\341\000l\000\363\000\040\000b\000e\000j\000e\000l\000e\000n\000t\000k\000e\000z\000t\000e\000t\000\351\000s\000e\000\040}{section.2.2}% 45
\BOOKMARK [2][-]{subsection.2.2.2}{\376\377\000T\000o\000k\000e\000n\000\040\000m\000e\000g\000\372\000j\000\355\000t\000\341\000s\000a\000\040}{section.2.2}% 46
\BOOKMARK [2][-]{subsection.2.2.3}{\376\377\000T\000o\000k\000e\000n\000\040\000t\000\366\000r\000l\000\351\000s\000e\000\040}{section.2.2}% 47
\BOOKMARK [2][-]{subsection.2.2.4}{\376\377\000A\000\040\000b\000e\000j\000e\000l\000e\000n\000t\000k\000e\000z\000e\000t\000t\000\040\000f\000e\000l\000h\000a\000s\000z\000n\000\341\000l\000\363\000\040\000i\000n\000f\000o\000r\000m\000\341\000c\000i\000\363\000i\000n\000a\000k\000\040\000l\000e\000k\000\351\000r\000\351\000s\000e\000\040}{section.2.2}% 48
\BOOKMARK [1][-]{section.2.3}{\376\377\000J\000o\000g\000o\000s\000u\000l\000t\000s\000\341\000g\000o\000k\000\040}{chapter.2}% 49
\BOOKMARK [2][-]{subsection.2.3.1}{\376\377\000R\000e\000n\000d\000s\000z\000e\000r\000\040\000e\000n\000g\000e\000d\000\351\000l\000y\000e\000k\000\040\000l\000e\000k\000\351\000r\000\351\000s\000e\000\040}{section.2.3}% 50
\BOOKMARK [2][-]{subsection.2.3.2}{\376\377\000H\000e\000l\000y\000i\000\040\000e\000n\000g\000e\000d\000\351\000l\000y\000e\000k\000\040\000l\000e\000k\000\351\000r\000\351\000s\000e\000\040}{section.2.3}% 51
\BOOKMARK [2][-]{subsection.2.3.3}{\376\377\000H\000e\000l\000y\000i\000\040\000e\000n\000g\000e\000d\000\351\000l\000y\000\040\000m\000e\000g\000a\000d\000\341\000s\000a\000\040}{section.2.3}% 52
\BOOKMARK [2][-]{subsection.2.3.4}{\376\377\000H\000e\000l\000y\000i\000\040\000e\000n\000g\000e\000d\000\351\000l\000y\000\040\000t\000\366\000r\000l\000\351\000s\000e\000\040}{section.2.3}% 53
\BOOKMARK [2][-]{subsection.2.3.5}{\376\377\000R\000e\000n\000d\000s\000z\000e\000r\000\040\000e\000n\000g\000e\000d\000\351\000l\000y\000\040\000m\000e\000g\000a\000d\000\341\000s\000a\000\040}{section.2.3}% 54
\BOOKMARK [2][-]{subsection.2.3.6}{\376\377\000R\000e\000n\000d\000s\000z\000e\000r\000\040\000e\000n\000g\000e\000d\000\351\000l\000y\000\040\000t\000\366\000r\000l\000\351\000s\000e\000\040}{section.2.3}% 55
\BOOKMARK [1][-]{section.2.4}{\376\377\000C\000i\000k\000k\000e\000k\000\040}{chapter.2}% 56
\BOOKMARK [2][-]{subsection.2.4.1}{\376\377\000C\000i\000k\000k\000e\000k\000\040\000l\000e\000k\000\351\000r\000\351\000s\000e\000\040}{section.2.4}% 57
\BOOKMARK [2][-]{subsection.2.4.2}{\376\377\000T\000\341\000r\000g\000y\000\040\000a\000z\000o\000n\000o\000s\000\355\000t\000\363\000j\000\341\000n\000a\000k\000\040\000v\000\341\000l\000t\000o\000z\000t\000a\000t\000\341\000s\000a\000\040}{section.2.4}% 58
\BOOKMARK [2][-]{subsection.2.4.3}{\376\377\000C\000i\000k\000k\000\040\000l\000e\000k\000\351\000r\000\351\000s\000e\000\040}{section.2.4}% 59
\BOOKMARK [2][-]{subsection.2.4.4}{\376\377\000C\000i\000k\000k\000\040\000m\000\363\000d\000o\000s\000\355\000t\000\341\000s\000a\000,\000\040\000l\000\351\000t\000r\000e\000h\000o\000z\000\341\000s\000a\000\040}{section.2.4}% 60
\BOOKMARK [2][-]{subsection.2.4.5}{\376\377\000C\000i\000k\000k\000\040\000t\000\366\000r\000l\000\351\000s\000e\000\040}{section.2.4}% 61
\BOOKMARK [1][-]{section.2.5}{\376\377\000L\000i\000m\000i\000t\000\040}{chapter.2}% 62
\BOOKMARK [2][-]{subsection.2.5.1}{\376\377\000R\000a\000k\000t\000\341\000r\000\040\000l\000i\000m\000i\000t\000\040}{section.2.5}% 63
\BOOKMARK [2][-]{subsection.2.5.2}{\376\377\000R\000a\000k\000t\000\341\000r\000\040\000l\000i\000m\000i\000t\000j\000\351\000n\000e\000k\000\040\000m\000\363\000d\000o\000s\000\355\000t\000\341\000s\000a\000\040}{section.2.5}% 64
\BOOKMARK [2][-]{subsection.2.5.3}{\376\377\000R\000a\000k\000t\000\341\000r\000\040\000k\000a\000p\000a\000c\000i\000t\000\341\000s\000\040}{section.2.5}% 65
\BOOKMARK [1][-]{section.2.6}{\376\377\000M\001\161\000v\000e\000l\000e\000t\000e\000k\000\040}{chapter.2}% 66
\BOOKMARK [2][-]{subsection.2.6.1}{\376\377\000M\001\161\000v\000e\000l\000e\000t\000e\000k\000\040\000l\000e\000k\000\351\000r\000\351\000s\000e\000\040}{section.2.6}% 67
\BOOKMARK [2][-]{subsection.2.6.2}{\376\377\000M\001\161\000v\000e\000l\000e\000t\000\040\000a\000z\000o\000n\000o\000s\000\355\000t\000\363\000j\000\341\000n\000a\000k\000\040\000v\000\341\000l\000t\000o\000z\000t\000a\000t\000\341\000s\000a\000\040}{section.2.6}% 68
\BOOKMARK [2][-]{subsection.2.6.3}{\376\377\000M\001\161\000v\000e\000l\000e\000t\000\040\000l\000e\000k\000\351\000r\000\351\000s\000e\000\040}{section.2.6}% 69
\BOOKMARK [2][-]{subsection.2.6.4}{\376\377\000M\001\161\000v\000e\000l\000e\000t\000\040\000l\000\351\000t\000r\000e\000h\000o\000z\000\341\000s\000a\000\040}{section.2.6}% 70
\BOOKMARK [2][-]{subsection.2.6.5}{\376\377\000M\001\161\000v\000e\000l\000e\000t\000\040\000v\000i\000s\000s\000z\000a\000i\000g\000a\000z\000o\000l\000\341\000s\000a\000\040\000\351\000s\000\040\000t\000\366\000r\000l\000\351\000s\000e\000\040}{section.2.6}% 71
\BOOKMARK [1][-]{section.2.7}{\376\377\000K\000e\000r\000e\000s\000\351\000s\000\040}{chapter.2}% 72
\BOOKMARK [2][-]{subsection.2.7.1}{\376\377\000K\000e\000r\000e\000s\000\351\000s\000\040}{section.2.7}% 73
\BOOKMARK [1][-]{section.2.8}{\376\377\000R\000a\000k\000t\000\341\000r\000a\000k\000\040}{chapter.2}% 74
\BOOKMARK [2][-]{subsection.2.8.1}{\376\377\000R\000a\000k\000t\000\341\000r\000a\000k\000\040\000l\000e\000k\000\351\000r\000\351\000s\000e\000\040}{section.2.8}% 75
\BOOKMARK [2][-]{subsection.2.8.2}{\376\377\000R\000a\000k\000t\000\341\000r\000\040\000a\000z\000o\000n\000o\000s\000\355\000t\000\363\000j\000\341\000n\000a\000k\000\040\000v\000\341\000l\000t\000o\000z\000t\000a\000t\000\341\000s\000a\000\040}{section.2.8}% 76
\BOOKMARK [2][-]{subsection.2.8.3}{\376\377\000R\000a\000k\000t\000\341\000r\000\040\000l\000e\000k\000\351\000r\000\351\000s\000e\000\040}{section.2.8}% 77
\BOOKMARK [2][-]{subsection.2.8.4}{\376\377\000R\000a\000k\000t\000\341\000r\000a\000k\000\040\000m\000\363\000d\000o\000s\000\355\000t\000\341\000s\000a\000,\000\040\000l\000\351\000t\000r\000e\000h\000o\000z\000\341\000s\000a\000\040}{section.2.8}% 78
\BOOKMARK [2][-]{subsection.2.8.5}{\376\377\000R\000a\000k\000t\000\341\000r\000\040\000t\000\366\000r\000l\000\351\000s\000e\000\040}{section.2.8}% 79
\BOOKMARK [2][-]{subsection.2.8.6}{\376\377\000K\000e\000r\000e\000s\000\351\000s\000\040\000a\000\040\000r\000a\000k\000t\000\341\000r\000b\000a\000n\000\040}{section.2.8}% 80
\BOOKMARK [1][-]{section.2.9}{\376\377\000E\000g\000y\000s\000\351\000g\000e\000k\000\040}{chapter.2}% 81
\BOOKMARK [2][-]{subsection.2.9.1}{\376\377\000E\000g\000y\000s\000\351\000g\000e\000k\000\040\000l\000e\000k\000\351\000r\000\351\000s\000e\000\040}{section.2.9}% 82
\BOOKMARK [2][-]{subsection.2.9.2}{\376\377\000E\000g\000y\000s\000\351\000g\000\040\000a\000z\000o\000n\000o\000s\000\355\000t\000\363\000j\000\341\000n\000a\000k\000\040\000v\000\341\000l\000t\000o\000z\000t\000a\000t\000\341\000s\000a\000\040}{section.2.9}% 83
\BOOKMARK [2][-]{subsection.2.9.3}{\376\377\000E\000g\000y\000s\000\351\000g\000\040\000l\000e\000k\000\351\000r\000\351\000s\000e\000\040}{section.2.9}% 84
\BOOKMARK [2][-]{subsection.2.9.4}{\376\377\000E\000g\000y\000s\000\351\000g\000e\000k\000\040\000m\000\363\000d\000o\000s\000\355\000t\000\341\000s\000a\000,\000\040\000l\000\351\000t\000r\000e\000h\000o\000z\000\341\000s\000a\000\040}{section.2.9}% 85
\BOOKMARK [2][-]{subsection.2.9.5}{\376\377\000E\000g\000y\000s\000\351\000g\000\040\000t\000\366\000r\000l\000\351\000s\000e\000.\000\040}{section.2.9}% 86
\BOOKMARK [1][-]{section.2.10}{\376\377\000F\000e\000l\000h\000a\000s\000z\000n\000\341\000l\000\363\000k\000\040}{chapter.2}% 87
\BOOKMARK [2][-]{subsection.2.10.1}{\376\377\000F\000e\000l\000h\000a\000s\000z\000n\000\341\000l\000\363\000k\000\040\000l\000e\000k\000\351\000r\000\351\000s\000e\000\040}{section.2.10}% 88
\BOOKMARK [2][-]{subsection.2.10.2}{\376\377\000F\000e\000l\000h\000a\000s\000z\000n\000\341\000l\000\363\000\040\000a\000z\000o\000n\000o\000s\000\355\000t\000\363\000j\000\341\000n\000a\000k\000\040\000v\000\341\000l\000t\000o\000z\000t\000a\000t\000\341\000s\000a\000\040}{section.2.10}% 89
\BOOKMARK [2][-]{subsection.2.10.3}{\376\377\000F\000e\000l\000h\000a\000s\000z\000n\000\341\000l\000\363\000\040\000l\000e\000k\000\351\000r\000\351\000s\000e\000\040}{section.2.10}% 90
\BOOKMARK [2][-]{subsection.2.10.4}{\376\377\000F\000e\000l\000h\000a\000s\000z\000n\000\341\000l\000\363\000k\000\040\000m\000\363\000d\000o\000s\000\355\000t\000\341\000s\000a\000,\000\040\000l\000\351\000t\000r\000e\000h\000o\000z\000\341\000s\000a\000\040}{section.2.10}% 91
\BOOKMARK [2][-]{subsection.2.10.5}{\376\377\000F\000e\000l\000h\000a\000s\000z\000n\000\341\000l\000\363\000\040\000t\000\366\000r\000l\000\351\000s\000e\000\040}{section.2.10}% 92
\BOOKMARK [1][-]{section.2.11}{\376\377\000T\000e\000l\000e\000p\000h\000e\000l\000y\000e\000k\000\040}{chapter.2}% 93
\BOOKMARK [2][-]{subsection.2.11.1}{\376\377\000T\000e\000l\000e\000p\000h\000e\000l\000y\000e\000k\000\040\000l\000e\000k\000\351\000r\000\351\000s\000e\000\040}{section.2.11}% 94
\BOOKMARK [2][-]{subsection.2.11.2}{\376\377\000T\000e\000l\000e\000p\000h\000e\000l\000y\000\040\000a\000z\000o\000n\000o\000s\000\355\000t\000\363\000j\000\341\000n\000a\000k\000\040\000v\000\341\000l\000t\000o\000z\000t\000a\000t\000\341\000s\000a\000\040}{section.2.11}% 95
\BOOKMARK [2][-]{subsection.2.11.3}{\376\377\000T\000e\000l\000e\000p\000h\000e\000l\000y\000\040\000l\000e\000k\000\351\000r\000\351\000s\000e\000\040}{section.2.11}% 96
\BOOKMARK [2][-]{subsection.2.11.4}{\376\377\000T\000e\000l\000e\000p\000h\000e\000l\000y\000\040\000m\000\363\000d\000o\000s\000\355\000t\000\341\000s\000a\000,\000\040\000l\000\351\000t\000r\000e\000h\000o\000z\000\341\000s\000a\000\040}{section.2.11}% 97
\BOOKMARK [2][-]{subsection.2.11.5}{\376\377\000T\000e\000l\000e\000p\000h\000e\000l\000y\000\040\000t\000\366\000r\000l\000\351\000s\000e\000\040}{section.2.11}% 98
\BOOKMARK [2][-]{subsection.2.11.6}{\376\377\000K\000e\000r\000e\000s\000\351\000s\000\040\000a\000\040\000t\000e\000l\000e\000p\000h\000e\000l\000y\000e\000n\000\040}{section.2.11}% 99
\BOOKMARK [1][-]{section.2.12}{\376\377\000B\000i\000z\000t\000o\000n\000s\000\341\000g\000i\000\040\000m\000e\000n\000t\000\351\000s\000\040}{chapter.2}% 100
\BOOKMARK [2][-]{subsection.2.12.1}{\376\377\000M\000e\000n\000t\000\351\000s\000\040\000k\000\351\000s\000z\000\355\000t\000\351\000s\000e\000\040}{section.2.12}% 101
\BOOKMARK [2][-]{subsection.2.12.2}{\376\377\000M\000e\000n\000t\000\351\000s\000\040\000v\000i\000s\000s\000z\000a\000\341\000l\000l\000\355\000t\000\341\000s\000a\000\040}{section.2.12}% 102
\BOOKMARK [0][-]{chapter.3}{\376\377\000A\000P\000I\000\040\000k\000\366\000n\000y\000v\000t\000\341\000r\000\040\000d\000o\000k\000u\000m\000e\000n\000t\000\341\000c\000i\000\363\000\040}{part.1}% 103
\BOOKMARK [1][-]{section.3.1}{\376\377\000K\000a\000p\000c\000s\000o\000l\000a\000t\000\040\000k\000e\000z\000e\000l\000\351\000s\000\040}{chapter.3}% 104
\BOOKMARK [2][-]{subsection.3.1.1}{\376\377\000K\000a\000p\000c\000s\000o\000l\000\363\000d\000\341\000s\000\040\000a\000\040\000s\000z\000e\000r\000v\000e\000r\000h\000e\000z\000\040}{section.3.1}% 105
\BOOKMARK [2][-]{subsection.3.1.2}{\376\377\000K\000i\000j\000e\000l\000e\000n\000t\000k\000e\000z\000\351\000s\000\040}{section.3.1}% 106
\BOOKMARK [1][-]{section.3.2}{\376\377\000E\000g\000y\000s\000\351\000g\000e\000k\000\040\000k\000e\000z\000e\000l\000\351\000s\000e\000\040}{chapter.3}% 107
\BOOKMARK [2][-]{subsection.3.2.1}{\376\377\000E\000g\000y\000s\000\351\000g\000\040\000o\000s\000z\000t\000\341\000l\000y\000\040}{section.3.2}% 108
\BOOKMARK [2][-]{subsection.3.2.2}{\376\377\000E\000g\000y\000s\000\351\000g\000e\000k\000\040\000k\000e\000z\000e\000l\000\351\000s\000e\000\040}{section.3.2}% 109
\BOOKMARK [1][-]{section.3.3}{\376\377\000F\000e\000l\000h\000a\000s\000z\000n\000\341\000l\000\363\000k\000\040\000k\000e\000z\000e\000l\000\351\000s\000e\000\040}{chapter.3}% 110
\BOOKMARK [2][-]{subsection.3.3.1}{\376\377\000F\000e\000l\000h\000a\000s\000z\000n\000\341\000l\000\363\000\040\000o\000s\000z\000t\000\341\000l\000y\000\040}{section.3.3}% 111
\BOOKMARK [2][-]{subsection.3.3.2}{\376\377\000F\000e\000l\000h\000a\000s\000z\000n\000\341\000l\000\363\000k\000\040\000k\000e\000z\000e\000l\000\351\000s\000e\000\040}{section.3.3}% 112
\BOOKMARK [2][-]{subsection.3.3.3}{\376\377\000F\000e\000l\000h\000a\000s\000z\000n\000\341\000l\000\363\000k\000\040\000e\000n\000g\000e\000d\000\351\000l\000y\000e\000i\000n\000e\000k\000\040\000k\000e\000z\000e\000l\000\351\000s\000e\000\040}{section.3.3}% 113
\BOOKMARK [1][-]{section.3.4}{\376\377\000T\000e\000l\000e\000p\000h\000e\000l\000y\000e\000k\000\040\000k\000e\000z\000e\000l\000\351\000s\000e\000\040}{chapter.3}% 114
\BOOKMARK [2][-]{subsection.3.4.1}{\376\377\000T\000e\000l\000e\000p\000h\000e\000l\000y\000\040\000o\000s\000z\000t\000\341\000l\000y\000\040}{section.3.4}% 115
\BOOKMARK [2][-]{subsection.3.4.2}{\376\377\000T\000e\000l\000e\000p\000h\000e\000l\000y\000e\000k\000\040\000k\000e\000z\000e\000l\000\351\000s\000e\000\040}{section.3.4}% 116
\BOOKMARK [1][-]{section.3.5}{\376\377\000R\000a\000k\000t\000\341\000r\000a\000k\000\040\000k\000e\000z\000e\000l\000\351\000s\000e\000\040}{chapter.3}% 117
\BOOKMARK [2][-]{subsection.3.5.1}{\376\377\000R\000a\000k\000t\000\341\000r\000\040\000o\000s\000z\000t\000\341\000l\000y\000\040}{section.3.5}% 118
\BOOKMARK [2][-]{subsection.3.5.2}{\376\377\000R\000a\000k\000t\000\341\000r\000a\000k\000\040\000k\000e\000z\000e\000l\000\351\000s\000e\000\040}{section.3.5}% 119
\BOOKMARK [1][-]{section.3.6}{\376\377\000C\000i\000k\000k\000e\000k\000\040\000k\000e\000z\000e\000l\000\351\000s\000e\000\040}{chapter.3}% 120
\BOOKMARK [2][-]{subsection.3.6.1}{\376\377\000C\000i\000k\000k\000\040\000o\000s\000z\000t\000\341\000l\000y\000\040}{section.3.6}% 121
\BOOKMARK [2][-]{subsection.3.6.2}{\376\377\000C\000i\000k\000k\000e\000k\000\040\000k\000e\000z\000e\000l\000\351\000s\000e\000\040}{section.3.6}% 122
\BOOKMARK [1][-]{section.3.7}{\376\377\000M\001\161\000v\000e\000l\000e\000t\000e\000k\000\040\000k\000e\000z\000e\000l\000\351\000s\000e\000\040}{chapter.3}% 123
\BOOKMARK [2][-]{subsection.3.7.1}{\376\377\000M\001\161\000v\000e\000l\000e\000t\000\040\000o\000s\000z\000t\000\341\000l\000y\000\040}{section.3.7}% 124
\BOOKMARK [2][-]{subsection.3.7.2}{\376\377\000M\001\161\000v\000e\000l\000e\000t\000e\000k\000\040\000k\000e\000z\000e\000l\000\351\000s\000e\000\040}{section.3.7}% 125
\BOOKMARK [1][-]{section.3.8}{\376\377\000K\000e\000r\000e\000s\000\351\000s\000\040}{chapter.3}% 126
\BOOKMARK [2][-]{subsection.3.8.1}{\376\377\000\040\000I\000t\000e\000m\000S\000t\000a\000c\000k\000\040\000\040\000o\000s\000z\000t\000\341\000l\000y\000\040}{section.3.8}% 127
\BOOKMARK [2][-]{subsection.3.8.2}{\376\377\000K\000e\000r\000e\000s\000\351\000s\000\040}{section.3.8}% 128
\BOOKMARK [0][-]{chapter.4}{\376\377\000K\000\363\000d\000d\000o\000k\000u\000m\000e\000n\000t\000\341\000c\000i\000\363\000\040}{part.1}% 129
\BOOKMARK [1][-]{section.4.1}{\376\377\000F\000e\000l\000\351\000p\000\355\000t\000\351\000s\000\040}{chapter.4}% 130
\BOOKMARK [1][-]{section.4.2}{\376\377\000A\000d\000a\000t\000b\000\341\000z\000i\000s\000\040}{chapter.4}% 131
\BOOKMARK [2][-]{subsection.4.2.1}{\376\377\000\301\000t\000t\000e\000k\000i\000n\000t\000\351\000s\000\040}{section.4.2}% 132
\BOOKMARK [2][-]{subsection.4.2.2}{\376\377\000T\000\341\000b\000l\000a\000l\000e\000\355\000r\000\341\000s\000o\000k\000\040}{section.4.2}% 133
\BOOKMARK [2][-]{subsection.4.2.3}{\376\377\000N\000\351\000z\000e\000t\000e\000k\000\040}{section.4.2}% 134
\BOOKMARK [1][-]{section.4.3}{\376\377\000A\000P\000I\000\040\000s\000z\000e\000r\000v\000e\000r\000\040}{chapter.4}% 135
\BOOKMARK [2][-]{subsection.4.3.1}{\376\377\000\301\000t\000t\000e\000k\000i\000n\000t\000\351\000s\000\040}{section.4.3}% 136
\BOOKMARK [2][-]{subsection.4.3.2}{\376\377\000O\000s\000z\000t\000\341\000l\000y\000l\000e\000\355\000r\000\341\000s\000o\000k\000\040}{section.4.3}% 137
\BOOKMARK [1][-]{section.4.4}{\376\377\000F\000r\000o\000n\000t\000e\000n\000d}{chapter.4}% 138
\BOOKMARK [2][-]{subsection.4.4.1}{\376\377\000\301\000t\000t\000e\000k\000i\000n\000t\000\351\000s\000\040}{section.4.4}% 139
\BOOKMARK [2][-]{subsection.4.4.2}{\376\377\000\311\000p\000\355\000t\000\351\000s}{section.4.4}% 140
\BOOKMARK [2][-]{subsection.4.4.3}{\376\377\000O\000s\000z\000t\000\341\000l\000y\000l\000e\000\355\000r\000\341\000s\000o\000k\000\040}{section.4.4}% 141
\BOOKMARK [1][-]{section.4.5}{\376\377\000A\000P\000I\000\040\000k\000\366\000n\000y\000v\000t\000\341\000r}{chapter.4}% 142
\BOOKMARK [2][-]{subsection.4.5.1}{\376\377\000\301\000t\000t\000e\000k\000i\000n\000t\000\351\000s\000\040}{section.4.5}% 143
\BOOKMARK [2][-]{subsection.4.5.2}{\376\377\000H\000T\000T\000P\000C\000o\000n\000n\000e\000c\000t\000o\000r\000\040\000o\000s\000z\000t\000\341\000l\000y\000\040}{section.4.5}% 144
\BOOKMARK [1][-]{section.4.6}{\376\377\000A\000s\000z\000t\000a\000l\000i\000\040\000k\000l\000i\000e\000n\000s\000\040}{chapter.4}% 145
\BOOKMARK [2][-]{subsection.4.6.1}{\376\377\000B\000e\000v\000e\000z\000e\000t\000\351\000s\000\040}{section.4.6}% 146
\BOOKMARK [2][-]{subsection.4.6.2}{\376\377\000A\000s\000z\000t\000a\000l\000i\000\040\000k\000l\000i\000e\000n\000s\000\040\000o\000s\000z\000t\000\341\000l\000y\000a\000i\000\040}{section.4.6}% 147
\BOOKMARK [1][-]{section.4.7}{\376\377\000M\000o\000b\000i\000l\000\040\000k\000l\000i\000e\000n\000s}{chapter.4}% 148
\BOOKMARK [2][-]{subsection.4.7.1}{\376\377\000\301\000t\000t\000e\000k\000i\000n\000t\000\351\000s\000\040}{section.4.7}% 149
\BOOKMARK [2][-]{subsection.4.7.2}{\376\377\000O\000s\000z\000t\000\341\000l\000y\000l\000e\000\355\000r\000\341\000s\000o\000k\000\040}{section.4.7}% 150
\BOOKMARK [0][-]{chapter.5}{\376\377\000D\000o\000k\000u\000m\000e\000n\000t\000\341\000c\000i\000\363\000\040\000g\000e\000n\000e\000r\000\341\000l\000\341\000s\000a\000\040}{part.1}% 151
\BOOKMARK [1][-]{section.5.1}{\376\377\000\301\000t\000t\000e\000k\000i\000n\000t\000\351\000s\000\040}{chapter.5}% 152
\BOOKMARK [1][-]{section.5.2}{\376\377\000F\000e\000l\000h\000a\000s\000z\000n\000\341\000l\000\363\000i\000\040\000d\000o\000k\000u\000m\000e\000n\000t\000\341\000c\000i\000\363\000\040}{chapter.5}% 153
\BOOKMARK [1][-]{section.5.3}{\376\377\000F\000e\000j\000l\000e\000s\000z\000t\001\121\000i\000\040\000d\000o\000k\000u\000m\000e\000n\000t\000\341\000c\000i\000\363\000\040}{chapter.5}% 154
\BOOKMARK [2][-]{subsection.5.3.1}{\376\377\000K\000\363\000d\000d\000o\000k\000u\000m\000e\000n\000t\000\341\000c\000i\000\363\000\040}{section.5.3}% 155
\BOOKMARK [2][-]{subsection.5.3.2}{\376\377\000T\000e\000s\000z\000t\000d\000o\000k\000u\000m\000e\000n\000t\000\341\000c\000i\000\363\000\040}{section.5.3}% 156
\BOOKMARK [2][-]{subsection.5.3.3}{\376\377\000K\000\363\000d\000\040\000b\000e\000i\000l\000l\000e\000s\000z\000t\001\121\000\040}{section.5.3}% 157
\BOOKMARK [1][-]{section.5.4}{\376\377\000\311\000p\000\355\000t\000\351\000s\000\040}{chapter.5}% 158
\BOOKMARK [0][-]{chapter.6}{\376\377\000T\000e\000s\000z\000t\000d\000o\000k\000u\000m\000e\000n\000t\000\341\000c\000i\000\363\000\040}{part.1}% 159
\BOOKMARK [1][-]{section.6.1}{\376\377\000A\000P\000I\000\040\000s\000z\000e\000r\000v\000e\000r\000\040}{chapter.6}% 160
\BOOKMARK [2][-]{subsection.6.1.1}{\376\377\000\301\000t\000t\000e\000k\000i\000n\000t\000\351\000s\000\040}{section.6.1}% 161
\BOOKMARK [2][-]{subsection.6.1.2}{\376\377\000E\0002\000E\000\040\000t\000e\000s\000z\000t\000e\000k\000\040}{section.6.1}% 162
\BOOKMARK [1][-]{section.6.2}{\376\377\000W\000e\000b\000\040\000f\000r\000o\000n\000t\000e\000n\000d\000\040}{chapter.6}% 163
\BOOKMARK [2][-]{subsection.6.2.1}{\376\377\000\301\000t\000t\000e\000k\000i\000n\000t\000\351\000s\000\040}{section.6.2}% 164
\BOOKMARK [2][-]{subsection.6.2.2}{\376\377\000E\0002\000E\000\040\000t\000e\000s\000z\000t\000e\000k\000\040}{section.6.2}% 165
\BOOKMARK [1][-]{section.6.3}{\376\377\000A\000s\000z\000t\000a\000l\000i\000\040\000a\000l\000k\000a\000l\000m\000a\000z\000\341\000s\000\040}{chapter.6}% 166
\BOOKMARK [2][-]{subsection.6.3.1}{\376\377\000\301\000t\000t\000e\000k\000i\000n\000t\000\351\000s\000\040}{section.6.3}% 167
\BOOKMARK [2][-]{subsection.6.3.2}{\376\377\000E\0002\000E\000\040\000t\000e\000s\000z\000t\000e\000k\000\040}{section.6.3}% 168
\BOOKMARK [2][-]{subsection.6.3.3}{\376\377\000N\000o\000d\000e\000M\000a\000t\000c\000h\000e\000r\000\040\000o\000s\000z\000t\000\341\000l\000y\000\040}{section.6.3}% 169
\BOOKMARK [1][-]{section.6.4}{\376\377\000M\000o\000b\000i\000l\000\040\000a\000l\000k\000a\000l\000m\000a\000z\000\341\000s\000\040}{chapter.6}% 170
\BOOKMARK [2][-]{subsection.6.4.1}{\376\377\000\301\000t\000t\000e\000k\000i\000n\000t\000\351\000s\000\040}{section.6.4}% 171
\BOOKMARK [2][-]{subsection.6.4.2}{\376\377\000E\0002\000E\000\040\000t\000e\000s\000z\000t\000e\000k\000\040}{section.6.4}% 172
\BOOKMARK [-1][-]{part.2}{\376\377\000I\000I\000\040\000F\000e\000l\000h\000a\000s\000z\000n\000\341\000l\000\363\000i\000\040\000d\000o\000k\000u\000m\000e\000n\000t\000\341\000c\000i\000\363\000\040}{}% 173
\BOOKMARK [0][-]{chapter.7}{\376\377\000F\000e\000l\000h\000a\000s\000z\000n\000\341\000l\000\363\000i\000\040\000d\000o\000k\000u\000m\000e\000n\000t\000\341\000c\000i\000\363\000\040}{part.2}% 174
\BOOKMARK [1][-]{section.7.1}{\376\377\000B\000e\000v\000e\000z\000e\000t\000\351\000s\000\040}{chapter.7}% 175
\BOOKMARK [2][-]{subsection.7.1.1}{\376\377\000F\000o\000g\000a\000l\000m\000a\000k\000\040}{section.7.1}% 176
\BOOKMARK [1][-]{section.7.2}{\376\377\000T\000e\000l\000e\000p\000\355\000t\000\351\000s}{chapter.7}% 177
\BOOKMARK [2][-]{subsection.7.2.1}{\376\377\000S\000z\000e\000r\000v\000e\000r\000\040\000t\000e\000l\000e\000p\000\355\000t\000\351\000s}{section.7.2}% 178
\BOOKMARK [2][-]{subsection.7.2.2}{\376\377\000A\000s\000z\000t\000a\000l\000i\000\040\000k\000l\000i\000e\000n\000s\000\040\000t\000e\000l\000e\000p\000\355\000t\000\351\000s}{section.7.2}% 179
\BOOKMARK [2][-]{subsection.7.2.3}{\376\377\000M\000o\000b\000i\000l\000\040\000k\000l\000i\000e\000n\000s\000\040\000t\000e\000l\000e\000p\000\355\000t\000\351\000s}{section.7.2}% 180
\BOOKMARK [1][-]{section.7.3}{\376\377\000A\000d\000m\000i\000n\000i\000s\000z\000t\000r\000\341\000c\000i\000\363}{chapter.7}% 181
\BOOKMARK [2][-]{subsection.7.3.1}{\376\377\000A\000r\000h\000i\000v\000\341\000l\000t\000\040\000a\000d\000a\000t\000o\000k\000\040\000t\000\366\000r\000l\000\351\000s\000e\000\040}{section.7.3}% 182
\BOOKMARK [2][-]{subsection.7.3.2}{\376\377\000E\000s\000e\000m\000\351\000n\000y\000n\000a\000p\000l\000\363\000\040\000k\000e\000z\000e\000l\000\351\000s\000e}{section.7.3}% 183
\BOOKMARK [2][-]{subsection.7.3.3}{\376\377\000F\000e\000l\000h\000a\000s\000z\000n\000\341\000l\000\363\000\040\000k\000e\000z\000e\000l\000\351\000s\000\040}{section.7.3}% 184
\BOOKMARK [2][-]{subsection.7.3.4}{\376\377\000E\000n\000g\000e\000d\000\351\000l\000y\000e\000k\000\040}{section.7.3}% 185
\BOOKMARK [2][-]{subsection.7.3.5}{\376\377\000B\000e\000\341\000l\000l\000\355\000t\000\341\000s\000o\000k\000\040}{section.7.3}% 186
\BOOKMARK [1][-]{section.7.4}{\376\377\000H\000a\000s\000z\000n\000\341\000l\000a\000t}{chapter.7}% 187
\BOOKMARK [2][-]{subsection.7.4.1}{\376\377\000B\000e\000j\000e\000l\000e\000n\000t\000k\000e\000z\000\351\000s}{section.7.4}% 188
\BOOKMARK [2][-]{subsection.7.4.2}{\376\377\000F\000e\000l\000h\000a\000s\000z\000n\000\341\000l\000\363\000i\000\040\000f\000i\000\363\000k\000o\000k\000\040\000k\000e\000z\000e\000l\000\351\000s\000e}{section.7.4}% 189
\BOOKMARK [2][-]{subsection.7.4.3}{\376\377\000E\000g\000y\000s\000\351\000g\000e\000k\000\040\000k\000e\000z\000e\000l\000\351\000s\000e}{section.7.4}% 190
\BOOKMARK [2][-]{subsection.7.4.4}{\376\377\000\301\000r\000u\000c\000i\000k\000k\000e\000k\000\040\000k\000e\000z\000e\000l\000\351\000s\000e}{section.7.4}% 191
\BOOKMARK [2][-]{subsection.7.4.5}{\376\377\000T\000e\000l\000e\000p\000h\000e\000l\000y\000e\000k\000\040\000k\000e\000z\000e\000l\000\351\000s\000e}{section.7.4}% 192
\BOOKMARK [2][-]{subsection.7.4.6}{\376\377\000R\000a\000k\000t\000\341\000r\000a\000k\000\040\000k\000e\000z\000e\000l\000\351\000s\000e}{section.7.4}% 193
\BOOKMARK [2][-]{subsection.7.4.7}{\376\377\000M\001\161\000v\000e\000l\000e\000t\000e\000k}{section.7.4}% 194
\BOOKMARK [2][-]{subsection.7.4.8}{\376\377\000K\000e\000r\000e\000s\000\351\000s}{section.7.4}% 195
\BOOKMARK [1][-]{section.7.5}{\376\377\000H\000a\000s\000z\000n\000\341\000l\000a\000t\000i\000\040\000p\000\351\000l\000d\000\341\000k}{chapter.7}% 196
\BOOKMARK [2][-]{subsection.7.5.1}{\376\377\000F\000a\000t\000e\000l\000e\000p}{section.7.5}% 197
\BOOKMARK [2][-]{subsection.7.5.2}{\376\377\000B\000e\000v\000\341\000s\000\341\000r\000l\000\363\000\040\000k\000\366\000z\000p\000o\000n\000t}{section.7.5}% 198
\BOOKMARK [-1][-]{part.3}{\376\377\000I\000I\000I\000\040\000U\000t\000\363\000s\000z\000\363\000\040}{}% 199
\BOOKMARK [0][-]{chapter.8}{\376\377\000T\000o\000v\000\341\000b\000b\000f\000e\000j\000l\000e\000s\000z\000t\000\351\000s\000i\000\040\000l\000e\000h\000e\000t\001\121\000s\000\351\000g\000e\000k\000\040}{part.3}% 200
\BOOKMARK [1][-]{section.8.1}{\376\377\000A\000d\000m\000i\000n\000i\000s\000z\000t\000r\000\341\000c\000i\000\363\000\040}{chapter.8}% 201
\BOOKMARK [2][-]{subsection.8.1.1}{\376\377\000I\000n\000t\000e\000g\000r\000\341\000c\000i\000\363\000\040\000m\000o\000n\000i\000t\000o\000r\000o\000z\000\363\000\040\000r\000e\000n\000d\000s\000z\000e\000r\000e\000k\000k\000e\000l\000\040}{section.8.1}% 202
\BOOKMARK [2][-]{subsection.8.1.2}{\376\377\000K\000\366\000z\000p\000o\000n\000t\000i\000\040\000b\000e\000l\000\351\000p\000t\000e\000t\001\121\000\040\000r\000e\000n\000d\000s\000z\000e\000r\000\040}{section.8.1}% 203
\BOOKMARK [2][-]{subsection.8.1.3}{\376\377\000W\000e\000b\000h\000o\000o\000k\000-\000o\000k\000\040}{section.8.1}% 204
\BOOKMARK [1][-]{section.8.2}{\376\377\000S\000t\000a\000t\000i\000s\000z\000t\000i\000k\000a\000\040}{chapter.8}% 205
\BOOKMARK [2][-]{subsection.8.2.1}{\376\377\000K\000\366\000r\000d\000i\000a\000g\000r\000a\000m\000\040\000t\000e\000l\000e\000p\000h\000e\000l\000y\000/\000r\000a\000k\000t\000\341\000r\000\040\000t\000a\000r\000t\000a\000l\000m\000\341\000r\000\363\000l\000\040}{section.8.2}% 206
\BOOKMARK [2][-]{subsection.8.2.2}{\376\377\000K\000\374\000l\000\366\000n\000b\000\366\000z\001\121\000\040\000r\000a\000k\000t\000\341\000r\000a\000k\000/\000t\000e\000l\000e\000p\000h\000e\000l\000y\000e\000k\000\040\000\366\000s\000s\000z\000e\000h\000a\000s\000o\000n\000l\000\355\000t\000\341\000s\000a\000\040}{section.8.2}% 207
\BOOKMARK [1][-]{section.8.3}{\376\377\000H\000a\000s\000z\000n\000\341\000l\000a\000t\000\040}{chapter.8}% 208
\BOOKMARK [2][-]{subsection.8.3.1}{\376\377\000T\000\351\000r\000k\000\351\000p\000\040\000a\000\040\000r\000a\000k\000t\000\341\000r\000r\000\363\000l\000\040\000\351\000s\000\040\000b\000e\000n\000n\000e\000\040\000a\000\040\000t\000\341\000r\000g\000y\000a\000k\000r\000\363\000l\000\040}{section.8.3}% 209
\BOOKMARK [2][-]{subsection.8.3.2}{\376\377\000R\000e\000n\000d\000s\000z\000e\000r\000e\000s\000\040\000m\001\161\000v\000e\000l\000e\000t\000\040\000o\000r\000d\000e\000r\000\040}{section.8.3}% 210
\BOOKMARK [2][-]{subsection.8.3.3}{\376\377\000M\000\351\000r\000t\000\351\000k\000e\000g\000y\000s\000\351\000g\000\040\000\341\000t\000v\000\341\000l\000t\000\341\000s\000\040}{section.8.3}% 211
\BOOKMARK [2][-]{subsection.8.3.4}{\376\377\000R\000a\000k\000t\000\341\000r\000t\000\355\000p\000u\000s\000o\000k\000\040}{section.8.3}% 212
\BOOKMARK [2][-]{subsection.8.3.5}{\376\377\000R\000i\000a\000s\000z\000t\000\341\000s\000\040\000b\000e\000\341\000l\000l\000\355\000t\000\341\000s\000\040}{section.8.3}% 213
\BOOKMARK [2][-]{subsection.8.3.6}{\376\377\000Q\000R\000\040\000k\000\363\000d\000\040\000o\000l\000v\000a\000s\000\363\000\040}{section.8.3}% 214
\BOOKMARK [0][-]{chapter.9}{\376\377\000F\000e\000l\000h\000a\000s\000z\000n\000\341\000l\000t\000\040\000i\000r\000o\000d\000a\000l\000o\000m\000\040}{part.3}% 215
\BOOKMARK [0][-]{chapter.10}{\376\377\000M\000u\000n\000k\000a\000k\000\366\000n\000y\000v\000t\000\341\000r\000a\000k\000\040}{part.3}% 216
\BOOKMARK [0][-]{chapter.11}{\376\377\000M\000e\000l\000l\000\351\000k\000l\000e\000t\000e\000k\000\040}{part.3}% 217
\BOOKMARK [1][-]{section.11.1}{\376\377\000O\000n\000l\000i\000n\000e\000\040\000e\000l\000\351\000r\000h\000e\000t\001\121\000s\000\351\000g}{chapter.11}% 218
