\BOOKMARK [1][-]{section.0.1}{\376\377\000\040\000A\000P\000I\000\040\000T\000\355\000p\000u\000s\000o\000k\000\040}{}% 1
\BOOKMARK [2][-]{subsection.0.1.1}{\376\377\000U\000n\000i\000t}{section.0.1}% 2
\BOOKMARK [2][-]{subsection.0.1.2}{\376\377\000U\000n\000i\000t\000P\000u\000t\000R\000e\000q\000u\000e\000s\000t}{section.0.1}% 3
\BOOKMARK [2][-]{subsection.0.1.3}{\376\377\000I\000t\000e\000m}{section.0.1}% 4
\BOOKMARK [2][-]{subsection.0.1.4}{\376\377\000I\000t\000e\000m\000P\000u\000t\000R\000e\000q\000u\000e\000s\000t}{section.0.1}% 5
\BOOKMARK [2][-]{subsection.0.1.5}{\376\377\000W\000a\000r\000e\000h\000o\000u\000s\000e}{section.0.1}% 6
\BOOKMARK [2][-]{subsection.0.1.6}{\376\377\000W\000a\000r\000e\000h\000o\000u\000s\000e\000P\000u\000t\000R\000e\000q\000u\000e\000s\000t}{section.0.1}% 7
\BOOKMARK [2][-]{subsection.0.1.7}{\376\377\000S\000t\000o\000r\000a\000g\000e}{section.0.1}% 8
\BOOKMARK [2][-]{subsection.0.1.8}{\376\377\000S\000t\000o\000r\000a\000g\000e\000P\000u\000t\000R\000e\000q\000u\000e\000s\000t}{section.0.1}% 9
\BOOKMARK [2][-]{subsection.0.1.9}{\376\377\000U\000s\000e\000r}{section.0.1}% 10
\BOOKMARK [2][-]{subsection.0.1.10}{\376\377\000U\000s\000e\000r\000P\000u\000t\000R\000e\000q\000u\000e\000s\000t}{section.0.1}% 11
\BOOKMARK [2][-]{subsection.0.1.11}{\376\377\000O\000p\000e\000r\000a\000t\000i\000o\000n\000I\000t\000e\000m}{section.0.1}% 12
\BOOKMARK [2][-]{subsection.0.1.12}{\376\377\000O\000p\000e\000r\000a\000t\000i\000o\000n}{section.0.1}% 13
\BOOKMARK [2][-]{subsection.0.1.13}{\376\377\000O\000p\000e\000r\000a\000t\000i\000o\000n\000I\000t\000e\000m\000R\000e\000q\000u\000e\000s\000t}{section.0.1}% 14
\BOOKMARK [2][-]{subsection.0.1.14}{\376\377\000O\000p\000e\000r\000a\000t\000i\000o\000n\000R\000e\000q\000u\000e\000s\000t}{section.0.1}% 15
\BOOKMARK [2][-]{subsection.0.1.15}{\376\377\000O\000p\000e\000r\000a\000t\000i\000o\000n\000C\000o\000m\000m\000i\000t}{section.0.1}% 16
\BOOKMARK [2][-]{subsection.0.1.16}{\376\377\000M\000o\000v\000e\000R\000e\000q\000u\000e\000s\000t}{section.0.1}% 17
\BOOKMARK [2][-]{subsection.0.1.17}{\376\377\000L\000o\000g\000i\000n\000R\000e\000q\000u\000e\000s\000t}{section.0.1}% 18
\BOOKMARK [2][-]{subsection.0.1.18}{\376\377\000L\000o\000g\000i\000n\000R\000e\000s\000p\000o\000n\000s\000e}{section.0.1}% 19
\BOOKMARK [2][-]{subsection.0.1.19}{\376\377\000R\000e\000n\000e\000w\000R\000e\000s\000p\000o\000n\000s\000e}{section.0.1}% 20
\BOOKMARK [2][-]{subsection.0.1.20}{\376\377\000U\000s\000e\000r\000i\000n\000f\000o\000R\000e\000s\000p\000o\000n\000s\000e}{section.0.1}% 21
\BOOKMARK [2][-]{subsection.0.1.21}{\376\377\000S\000t\000o\000r\000a\000g\000e\000L\000i\000m\000i\000t}{section.0.1}% 22
\BOOKMARK [2][-]{subsection.0.1.22}{\376\377\000S\000t\000o\000r\000a\000g\000e\000L\000i\000m\000i\000t\000P\000u\000t\000R\000e\000q\000u\000e\000s\000t}{section.0.1}% 23
\BOOKMARK [2][-]{subsection.0.1.23}{\376\377\000S\000t\000o\000r\000a\000g\000e\000C\000a\000p\000a\000c\000i\000t\000y}{section.0.1}% 24
\BOOKMARK [2][-]{subsection.0.1.24}{\376\377\000I\000t\000e\000m\000S\000t\000a\000c\000k}{section.0.1}% 25
\BOOKMARK [2][-]{subsection.0.1.25}{\376\377\000I\000t\000e\000m\000D\000B}{section.0.1}% 26
\BOOKMARK [2][-]{subsection.0.1.26}{\376\377\000I\000t\000e\000m\000S\000t\000a\000c\000k\000D\000B}{section.0.1}% 27
\BOOKMARK [2][-]{subsection.0.1.27}{\376\377\000S\000t\000o\000r\000a\000g\000e\000L\000i\000m\000i\000t\000D\000B}{section.0.1}% 28
\BOOKMARK [2][-]{subsection.0.1.28}{\376\377\000W\000a\000r\000e\000h\000o\000u\000s\000e\000D\000B}{section.0.1}% 29
\BOOKMARK [2][-]{subsection.0.1.29}{\376\377\000S\000t\000o\000r\000a\000g\000e\000D\000B}{section.0.1}% 30
\BOOKMARK [2][-]{subsection.0.1.30}{\376\377\000L\000o\000c\000a\000l\000A\000u\000t\000h\000o\000r\000i\000z\000a\000t\000i\000o\000n\000D\000B}{section.0.1}% 31
\BOOKMARK [2][-]{subsection.0.1.31}{\376\377\000U\000s\000e\000r\000D\000B}{section.0.1}% 32
\BOOKMARK [2][-]{subsection.0.1.32}{\376\377\000D\000B}{section.0.1}% 33
\BOOKMARK [1][-]{section.0.2}{\376\377\000\040\000H\000i\000t\000e\000l\000e\000s\000\355\000t\000\351\000s\000\040}{}% 34
\BOOKMARK [2][-]{subsection.0.2.1}{\376\377\000\040\000F\000e\000l\000h\000a\000s\000z\000n\000\341\000l\000\363\000\040\000b\000e\000j\000e\000l\000e\000n\000t\000k\000e\000z\000t\000e\000t\000\351\000s\000e\000\040}{section.0.2}% 35
\BOOKMARK [2][-]{subsection.0.2.2}{\376\377\000\040\000T\000o\000k\000e\000n\000\040\000m\000e\000g\000\372\000j\000\355\000t\000\341\000s\000a\000\040}{section.0.2}% 36
\BOOKMARK [2][-]{subsection.0.2.3}{\376\377\000\040\000T\000o\000k\000e\000n\000\040\000t\000\366\000r\000l\000\351\000s\000e\000\040}{section.0.2}% 37
\BOOKMARK [2][-]{subsection.0.2.4}{\376\377\000\040\000A\000\040\000b\000e\000j\000e\000l\000e\000n\000t\000k\000e\000z\000e\000t\000t\000\040\000f\000e\000l\000h\000a\000s\000z\000n\000\341\000l\000\363\000\040\000i\000n\000f\000o\000r\000m\000\341\000c\000i\000\363\000i\000n\000a\000k\000\040\000l\000e\000k\000\351\000r\000\351\000s\000e\000\040}{section.0.2}% 38
\BOOKMARK [1][-]{section.0.3}{\376\377\000\040\000J\000o\000g\000o\000s\000u\000l\000t\000s\000\341\000g\000o\000k\000\040}{}% 39
\BOOKMARK [2][-]{subsection.0.3.1}{\376\377\000\040\000R\000e\000n\000d\000s\000z\000e\000r\000\040\000e\000n\000g\000e\000d\000\351\000l\000y\000e\000k\000\040\000l\000e\000k\000\351\000r\000\351\000s\000e\000\040}{section.0.3}% 40
\BOOKMARK [2][-]{subsection.0.3.2}{\376\377\000\040\000H\000e\000l\000y\000i\000\040\000e\000n\000g\000e\000d\000\351\000l\000y\000e\000k\000\040\000l\000e\000k\000\351\000r\000\351\000s\000e\000\040}{section.0.3}% 41
\BOOKMARK [2][-]{subsection.0.3.3}{\376\377\000\040\000H\000e\000l\000y\000i\000\040\000e\000n\000g\000e\000d\000\351\000l\000y\000\040\000m\000e\000g\000a\000d\000\341\000s\000a\000\040}{section.0.3}% 42
\BOOKMARK [2][-]{subsection.0.3.4}{\376\377\000\040\000H\000e\000l\000y\000i\000\040\000e\000n\000g\000e\000d\000\351\000l\000y\000\040\000t\000\366\000r\000l\000\351\000s\000e\000\040}{section.0.3}% 43
\BOOKMARK [2][-]{subsection.0.3.5}{\376\377\000\040\000R\000e\000n\000d\000s\000z\000e\000r\000\040\000e\000n\000g\000e\000d\000\351\000l\000y\000\040\000m\000e\000g\000a\000d\000\341\000s\000a\000\040}{section.0.3}% 44
\BOOKMARK [2][-]{subsection.0.3.6}{\376\377\000\040\000R\000e\000n\000d\000s\000z\000e\000r\000\040\000e\000n\000g\000e\000d\000\351\000l\000y\000\040\000t\000\366\000r\000l\000\351\000s\000e\000\040}{section.0.3}% 45
\BOOKMARK [1][-]{section.0.4}{\376\377\000\040\000C\000i\000k\000k\000e\000k\000\040}{}% 46
\BOOKMARK [2][-]{subsection.0.4.1}{\376\377\000\040\000C\000i\000k\000k\000e\000k\000\040\000l\000e\000k\000\351\000r\000\351\000s\000e\000\040}{section.0.4}% 47
\BOOKMARK [2][-]{subsection.0.4.2}{\376\377\000\040\000T\000\341\000r\000g\000y\000\040\000a\000z\000o\000n\000o\000s\000\355\000t\000\363\000j\000\341\000n\000a\000k\000\040\000v\000\341\000l\000t\000o\000z\000t\000a\000t\000\341\000s\000a\000\040}{section.0.4}% 48
\BOOKMARK [2][-]{subsection.0.4.3}{\376\377\000\040\000C\000i\000k\000k\000\040\000l\000e\000k\000\351\000r\000\351\000s\000e\000\040}{section.0.4}% 49
\BOOKMARK [2][-]{subsection.0.4.4}{\376\377\000\040\000C\000i\000k\000k\000\040\000m\000\363\000d\000o\000s\000\355\000t\000\341\000s\000a\000,\000\040\000l\000\351\000t\000r\000e\000h\000o\000z\000\341\000s\000a\000\040}{section.0.4}% 50
\BOOKMARK [2][-]{subsection.0.4.5}{\376\377\000\040\000C\000i\000k\000k\000\040\000t\000\366\000r\000l\000\351\000s\000e\000\040}{section.0.4}% 51
\BOOKMARK [1][-]{section.0.5}{\376\377\000\040\000L\000i\000m\000i\000t\000\040}{}% 52
\BOOKMARK [2][-]{subsection.0.5.1}{\376\377\000\040\000R\000a\000k\000t\000\341\000r\000\040\000l\000i\000m\000i\000t\000\040}{section.0.5}% 53
\BOOKMARK [2][-]{subsection.0.5.2}{\376\377\000\040\000R\000a\000k\000t\000\341\000r\000\040\000l\000i\000m\000i\000t\000j\000\351\000n\000e\000k\000\040\000m\000\363\000d\000o\000s\000\355\000t\000\341\000s\000a\000\040}{section.0.5}% 54
\BOOKMARK [2][-]{subsection.0.5.3}{\376\377\000\040\000R\000a\000k\000t\000\341\000r\000\040\000k\000a\000p\000a\000c\000i\000t\000\341\000s\000\040}{section.0.5}% 55
\BOOKMARK [1][-]{section.0.6}{\376\377\000\040\000M\001\161\000v\000e\000l\000e\000t\000e\000k\000\040}{}% 56
\BOOKMARK [2][-]{subsection.0.6.1}{\376\377\000\040\000M\001\161\000v\000e\000l\000e\000t\000e\000k\000\040\000l\000e\000k\000\351\000r\000\351\000s\000e\000\040}{section.0.6}% 57
\BOOKMARK [2][-]{subsection.0.6.2}{\376\377\000\040\000M\001\161\000v\000e\000l\000e\000t\000\040\000a\000z\000o\000n\000o\000s\000\355\000t\000\363\000j\000\341\000n\000a\000k\000\040\000v\000\341\000l\000t\000o\000z\000t\000a\000t\000\341\000s\000a\000\040}{section.0.6}% 58
\BOOKMARK [2][-]{subsection.0.6.3}{\376\377\000\040\000M\001\161\000v\000e\000l\000e\000t\000\040\000l\000e\000k\000\351\000r\000\351\000s\000e\000\040}{section.0.6}% 59
\BOOKMARK [2][-]{subsection.0.6.4}{\376\377\000\040\000M\001\161\000v\000e\000l\000e\000t\000\040\000l\000\351\000t\000r\000e\000h\000o\000z\000\341\000s\000a\000\040}{section.0.6}% 60
\BOOKMARK [2][-]{subsection.0.6.5}{\376\377\000\040\000M\001\161\000v\000e\000l\000e\000t\000\040\000v\000i\000s\000s\000z\000a\000i\000g\000a\000z\000o\000l\000\341\000s\000a\000\040\000\351\000s\000\040\000t\000\366\000r\000l\000\351\000s\000e\000\040}{section.0.6}% 61
\BOOKMARK [1][-]{section.0.7}{\376\377\000\040\000K\000e\000r\000e\000s\000\351\000s\000\040}{}% 62
\BOOKMARK [2][-]{subsection.0.7.1}{\376\377\000\040\000K\000e\000r\000e\000s\000\351\000s\000\040}{section.0.7}% 63
\BOOKMARK [1][-]{section.0.8}{\376\377\000\040\000R\000a\000k\000t\000\341\000r\000a\000k\000\040}{}% 64
\BOOKMARK [2][-]{subsection.0.8.1}{\376\377\000\040\000R\000a\000k\000t\000\341\000r\000a\000k\000\040\000l\000e\000k\000\351\000r\000\351\000s\000e\000\040}{section.0.8}% 65
\BOOKMARK [2][-]{subsection.0.8.2}{\376\377\000\040\000R\000a\000k\000t\000\341\000r\000\040\000a\000z\000o\000n\000o\000s\000\355\000t\000\363\000j\000\341\000n\000a\000k\000\040\000v\000\341\000l\000t\000o\000z\000t\000a\000t\000\341\000s\000a\000\040}{section.0.8}% 66
\BOOKMARK [2][-]{subsection.0.8.3}{\376\377\000\040\000R\000a\000k\000t\000\341\000r\000\040\000l\000e\000k\000\351\000r\000\351\000s\000e\000\040}{section.0.8}% 67
\BOOKMARK [2][-]{subsection.0.8.4}{\376\377\000\040\000R\000a\000k\000t\000\341\000r\000a\000k\000\040\000m\000\363\000d\000o\000s\000\355\000t\000\341\000s\000a\000,\000\040\000l\000\351\000t\000r\000e\000h\000o\000z\000\341\000s\000a\000\040}{section.0.8}% 68
\BOOKMARK [2][-]{subsection.0.8.5}{\376\377\000\040\000R\000a\000k\000t\000\341\000r\000\040\000t\000\366\000r\000l\000\351\000s\000e\000\040}{section.0.8}% 69
\BOOKMARK [2][-]{subsection.0.8.6}{\376\377\000\040\000K\000e\000r\000e\000s\000\351\000s\000\040\000a\000\040\000r\000a\000k\000t\000\341\000r\000b\000a\000n\000\040}{section.0.8}% 70
\BOOKMARK [1][-]{section.0.9}{\376\377\000\040\000E\000g\000y\000s\000\351\000g\000e\000k\000\040}{}% 71
\BOOKMARK [2][-]{subsection.0.9.1}{\376\377\000\040\000E\000g\000y\000s\000\351\000g\000e\000k\000\040\000l\000e\000k\000\351\000r\000\351\000s\000e\000\040}{section.0.9}% 72
\BOOKMARK [2][-]{subsection.0.9.2}{\376\377\000\040\000E\000g\000y\000s\000\351\000g\000\040\000a\000z\000o\000n\000o\000s\000\355\000t\000\363\000j\000\341\000n\000a\000k\000\040\000v\000\341\000l\000t\000o\000z\000t\000a\000t\000\341\000s\000a\000\040}{section.0.9}% 73
\BOOKMARK [2][-]{subsection.0.9.3}{\376\377\000\040\000E\000g\000y\000s\000\351\000g\000\040\000l\000e\000k\000\351\000r\000\351\000s\000e\000\040}{section.0.9}% 74
\BOOKMARK [2][-]{subsection.0.9.4}{\376\377\000\040\000E\000g\000y\000s\000\351\000g\000e\000k\000\040\000m\000\363\000d\000o\000s\000\355\000t\000\341\000s\000a\000,\000\040\000l\000\351\000t\000r\000e\000h\000o\000z\000\341\000s\000a\000\040}{section.0.9}% 75
\BOOKMARK [2][-]{subsection.0.9.5}{\376\377\000\040\000E\000g\000y\000s\000\351\000g\000\040\000t\000\366\000r\000l\000\351\000s\000e\000.\000\040}{section.0.9}% 76
\BOOKMARK [1][-]{section.0.10}{\376\377\000\040\000F\000e\000l\000h\000a\000s\000z\000n\000\341\000l\000\363\000k\000\040}{}% 77
\BOOKMARK [2][-]{subsection.0.10.1}{\376\377\000\040\000F\000e\000l\000h\000a\000s\000z\000n\000\341\000l\000\363\000k\000\040\000l\000e\000k\000\351\000r\000\351\000s\000e\000\040}{section.0.10}% 78
\BOOKMARK [2][-]{subsection.0.10.2}{\376\377\000\040\000F\000e\000l\000h\000a\000s\000z\000n\000\341\000l\000\363\000\040\000a\000z\000o\000n\000o\000s\000\355\000t\000\363\000j\000\341\000n\000a\000k\000\040\000v\000\341\000l\000t\000o\000z\000t\000a\000t\000\341\000s\000a\000\040}{section.0.10}% 79
\BOOKMARK [2][-]{subsection.0.10.3}{\376\377\000\040\000F\000e\000l\000h\000a\000s\000z\000n\000\341\000l\000\363\000\040\000l\000e\000k\000\351\000r\000\351\000s\000e\000\040}{section.0.10}% 80
\BOOKMARK [2][-]{subsection.0.10.4}{\376\377\000\040\000F\000e\000l\000h\000a\000s\000z\000n\000\341\000l\000\363\000k\000\040\000m\000\363\000d\000o\000s\000\355\000t\000\341\000s\000a\000,\000\040\000l\000\351\000t\000r\000e\000h\000o\000z\000\341\000s\000a\000\040}{section.0.10}% 81
\BOOKMARK [2][-]{subsection.0.10.5}{\376\377\000\040\000F\000e\000l\000h\000a\000s\000z\000n\000\341\000l\000\363\000\040\000t\000\366\000r\000l\000\351\000s\000e\000\040}{section.0.10}% 82
\BOOKMARK [1][-]{section.0.11}{\376\377\000\040\000T\000e\000l\000e\000p\000h\000e\000l\000y\000e\000k\000\040}{}% 83
\BOOKMARK [2][-]{subsection.0.11.1}{\376\377\000\040\000T\000e\000l\000e\000p\000h\000e\000l\000y\000e\000k\000\040\000l\000e\000k\000\351\000r\000\351\000s\000e\000\040}{section.0.11}% 84
\BOOKMARK [2][-]{subsection.0.11.2}{\376\377\000\040\000T\000e\000l\000e\000p\000h\000e\000l\000y\000\040\000a\000z\000o\000n\000o\000s\000\355\000t\000\363\000j\000\341\000n\000a\000k\000\040\000v\000\341\000l\000t\000o\000z\000t\000a\000t\000\341\000s\000a\000\040}{section.0.11}% 85
\BOOKMARK [2][-]{subsection.0.11.3}{\376\377\000\040\000T\000e\000l\000e\000p\000h\000e\000l\000y\000\040\000l\000e\000k\000\351\000r\000\351\000s\000e\000\040}{section.0.11}% 86
\BOOKMARK [2][-]{subsection.0.11.4}{\376\377\000\040\000T\000e\000l\000e\000p\000h\000e\000l\000y\000\040\000m\000\363\000d\000o\000s\000\355\000t\000\341\000s\000a\000,\000\040\000l\000\351\000t\000r\000e\000h\000o\000z\000\341\000s\000a\000\040}{section.0.11}% 87
\BOOKMARK [2][-]{subsection.0.11.5}{\376\377\000\040\000T\000e\000l\000e\000p\000h\000e\000l\000y\000\040\000t\000\366\000r\000l\000\351\000s\000e\000\040}{section.0.11}% 88
\BOOKMARK [2][-]{subsection.0.11.6}{\376\377\000\040\000K\000e\000r\000e\000s\000\351\000s\000\040\000a\000\040\000t\000e\000l\000e\000p\000h\000e\000l\000y\000e\000n\000\040}{section.0.11}% 89
\BOOKMARK [1][-]{section.0.12}{\376\377\000\040\000B\000i\000z\000t\000o\000n\000s\000\341\000g\000i\000\040\000m\000e\000n\000t\000\351\000s\000\040}{}% 90
\BOOKMARK [2][-]{subsection.0.12.1}{\376\377\000\040\000M\000e\000n\000t\000\351\000s\000\040\000k\000\351\000s\000z\000\355\000t\000\351\000s\000e\000\040}{section.0.12}% 91
\BOOKMARK [2][-]{subsection.0.12.2}{\376\377\000\040\000M\000e\000n\000t\000\351\000s\000\040\000v\000i\000s\000s\000z\000a\000\341\000l\000l\000\355\000t\000\341\000s\000a\000\040}{section.0.12}% 92
