\BOOKMARK [0][-]{chapter.1}{\376\377\000K\000o\000n\000z\000u\000l\000t\000\341\000c\000i\000\363\000s\000\040\000l\000a\000p}{}% 1
\BOOKMARK [0][-]{chapter.2}{\376\377\000\040\000M\000u\000n\000k\000a\000\040}{}% 2
\BOOKMARK [1][-]{section.2.1}{\376\377\000\040\000M\000u\000n\000k\000a\000m\000e\000g\000o\000s\000z\000t\000\341\000s\000\040}{chapter.2}% 3
\BOOKMARK [2][-]{subsection.2.1.1}{\376\377\000P\000\351\000k\000\040\000G\000e\000r\000g\001\121}{section.2.1}% 4
\BOOKMARK [2][-]{subsection.2.1.2}{\376\377\000K\000i\000s\000s\000\040\000K\000o\000l\000o\000s}{section.2.1}% 5
\BOOKMARK [2][-]{subsection.2.1.3}{\376\377\000G\000a\000r\000a\000i\000\040\000N\000\341\000n\000d\000o\000r}{section.2.1}% 6
\BOOKMARK [1][-]{section.2.2}{\376\377\000M\000u\000n\000k\000a\000\040\000f\000o\000l\000y\000a\000m\000a\000t\000a}{chapter.2}% 7
\BOOKMARK [1][-]{section.2.3}{\376\377\000H\000a\000s\000z\000n\000\341\000l\000t\000\040\000f\000e\000j\000l\000e\000s\000z\000t\001\121\000i\000\040\000e\000s\000z\000k\000\366\000z\000\366\000k}{chapter.2}% 8
\BOOKMARK [0][-]{chapter.3}{\376\377\000\040\000A\000P\000I\000\040\000K\000\366\000n\000y\000v\000t\000\341\000r\000\040\000D\000o\000k\000u\000m\000e\000n\000t\000\341\000c\000i\000\363\000\040}{}% 9
\BOOKMARK [1][-]{section.3.1}{\376\377\000\040\000K\000a\000p\000c\000s\000o\000l\000a\000t\000\040\000k\000e\000z\000e\000l\000\351\000s\000\040}{chapter.3}% 10
\BOOKMARK [2][-]{subsection.3.1.1}{\376\377\000\040\000K\000a\000p\000c\000s\000o\000l\000\363\000d\000\341\000s\000\040\000a\000\040\000s\000z\000e\000r\000v\000e\000r\000h\000e\000z\000\040}{section.3.1}% 11
\BOOKMARK [2][-]{subsection.3.1.2}{\376\377\000\040\000K\000i\000j\000e\000l\000e\000n\000t\000k\000e\000z\000\351\000s\000\040}{section.3.1}% 12
\BOOKMARK [1][-]{section.3.2}{\376\377\000\040\000E\000g\000y\000s\000\351\000g\000e\000k\000\040\000k\000e\000z\000e\000l\000\351\000s\000e\000\040}{chapter.3}% 13
\BOOKMARK [2][-]{subsection.3.2.1}{\376\377\000\040\000E\000g\000y\000s\000\351\000g\000\040\000o\000s\000z\000t\000\341\000l\000y\000\040}{section.3.2}% 14
\BOOKMARK [2][-]{subsection.3.2.2}{\376\377\000\040\000E\000g\000y\000s\000\351\000g\000e\000k\000\040\000k\000e\000z\000e\000l\000\351\000s\000e\000\040}{section.3.2}% 15
\BOOKMARK [1][-]{section.3.3}{\376\377\000\040\000F\000e\000l\000h\000a\000s\000z\000n\000\341\000l\000\363\000k\000\040\000k\000e\000z\000e\000l\000\351\000s\000e\000\040}{chapter.3}% 16
\BOOKMARK [2][-]{subsection.3.3.1}{\376\377\000\040\000F\000e\000l\000h\000a\000s\000z\000n\000\341\000l\000\363\000\040\000o\000s\000z\000t\000\341\000l\000y\000\040}{section.3.3}% 17
\BOOKMARK [2][-]{subsection.3.3.2}{\376\377\000\040\000F\000e\000l\000h\000a\000s\000z\000n\000\341\000l\000\363\000k\000\040\000k\000e\000z\000e\000l\000\351\000s\000e\000\040}{section.3.3}% 18
\BOOKMARK [2][-]{subsection.3.3.3}{\376\377\000\040\000F\000e\000l\000h\000a\000s\000z\000n\000\341\000l\000\363\000k\000\040\000e\000n\000g\000e\000d\000\351\000l\000y\000e\000i\000n\000e\000k\000\040\000k\000e\000z\000e\000l\000\351\000s\000e\000\040}{section.3.3}% 19
\BOOKMARK [1][-]{section.3.4}{\376\377\000\040\000T\000e\000l\000e\000p\000h\000e\000l\000y\000e\000k\000\040\000k\000e\000z\000e\000l\000\351\000s\000e\000\040}{chapter.3}% 20
\BOOKMARK [2][-]{subsection.3.4.1}{\376\377\000\040\000T\000e\000l\000e\000p\000h\000e\000l\000y\000\040\000o\000s\000z\000t\000\341\000l\000y\000\040}{section.3.4}% 21
\BOOKMARK [2][-]{subsection.3.4.2}{\376\377\000\040\000T\000e\000l\000e\000p\000h\000e\000l\000y\000e\000k\000\040\000k\000e\000z\000e\000l\000\351\000s\000e\000\040}{section.3.4}% 22
\BOOKMARK [1][-]{section.3.5}{\376\377\000\040\000R\000a\000k\000t\000\341\000r\000a\000k\000\040\000k\000e\000z\000e\000l\000\351\000s\000e\000\040}{chapter.3}% 23
\BOOKMARK [2][-]{subsection.3.5.1}{\376\377\000\040\000R\000a\000k\000t\000\341\000r\000\040\000o\000s\000z\000t\000\341\000l\000y\000\040}{section.3.5}% 24
\BOOKMARK [2][-]{subsection.3.5.2}{\376\377\000\040\000R\000a\000k\000t\000\341\000r\000a\000k\000\040\000k\000e\000z\000e\000l\000\351\000s\000e\000\040}{section.3.5}% 25
\BOOKMARK [1][-]{section.3.6}{\376\377\000\040\000C\000i\000k\000k\000e\000k\000\040\000k\000e\000z\000e\000l\000\351\000s\000e\000\040}{chapter.3}% 26
\BOOKMARK [2][-]{subsection.3.6.1}{\376\377\000\040\000C\000i\000k\000k\000\040\000o\000s\000z\000t\000\341\000l\000y\000\040}{section.3.6}% 27
\BOOKMARK [2][-]{subsection.3.6.2}{\376\377\000\040\000C\000i\000k\000k\000e\000k\000\040\000k\000e\000z\000e\000l\000\351\000s\000e\000\040}{section.3.6}% 28
\BOOKMARK [1][-]{section.3.7}{\376\377\000\040\000M\001\161\000v\000e\000l\000e\000t\000e\000k\000\040\000k\000e\000z\000e\000l\000\351\000s\000e\000\040}{chapter.3}% 29
\BOOKMARK [2][-]{subsection.3.7.1}{\376\377\000\040\000M\001\161\000v\000e\000l\000e\000t\000\040\000o\000s\000z\000t\000\341\000l\000y\000\040}{section.3.7}% 30
\BOOKMARK [2][-]{subsection.3.7.2}{\376\377\000\040\000M\001\161\000v\000e\000l\000e\000t\000e\000k\000\040\000k\000e\000z\000e\000l\000\351\000s\000e\000\040}{section.3.7}% 31
\BOOKMARK [1][-]{section.3.8}{\376\377\000\040\000K\000e\000r\000e\000s\000\351\000s\000\040}{chapter.3}% 32
\BOOKMARK [2][-]{subsection.3.8.1}{\376\377\000\040\000\040\000I\000t\000e\000m\000S\000t\000a\000c\000k\000\040\000\040\000o\000s\000z\000t\000\341\000l\000y\000\040}{section.3.8}% 33
\BOOKMARK [2][-]{subsection.3.8.2}{\376\377\000\040\000K\000e\000r\000e\000s\000\351\000s\000\040}{section.3.8}% 34
\BOOKMARK [0][-]{chapter.4}{\376\377\000\040\000K\000\363\000d\000\040\000D\000o\000k\000u\000m\000e\000n\000t\000\341\000c\000i\000\363\000\040}{}% 35
\BOOKMARK [1][-]{section.4.1}{\376\377\000\040\000F\000e\000l\000\351\000p\000\355\000t\000\351\000s\000\040}{chapter.4}% 36
\BOOKMARK [1][-]{section.4.2}{\376\377\000\040\000A\000d\000a\000t\000b\000\341\000z\000i\000s\000\040}{chapter.4}% 37
\BOOKMARK [2][-]{subsection.4.2.1}{\376\377\000\040\000\301\000t\000t\000e\000k\000i\000n\000t\000\351\000s\000\040}{section.4.2}% 38
\BOOKMARK [2][-]{subsection.4.2.2}{\376\377\000u\000n\000t\000i\000s}{section.4.2}% 39
\BOOKMARK [2][-]{subsection.4.2.3}{\376\377\000i\000t\000e\000m\000\137\000t\000y\000p\000e\000s}{section.4.2}% 40
\BOOKMARK [2][-]{subsection.4.2.4}{\376\377\000w\000a\000r\000e\000h\000o\000u\000s\000e\000s}{section.4.2}% 41
\BOOKMARK [2][-]{subsection.4.2.5}{\376\377\000s\000t\000o\000r\000a\000g\000e\000s}{section.4.2}% 42
\BOOKMARK [2][-]{subsection.4.2.6}{\376\377\000i\000t\000e\000m\000\137\000s\000t\000a\000c\000k\000s}{section.4.2}% 43
\BOOKMARK [2][-]{subsection.4.2.7}{\376\377\000s\000t\000o\000r\000a\000g\000e\000\137\000l\000i\000m\000i\000t\000s}{section.4.2}% 44
\BOOKMARK [2][-]{subsection.4.2.8}{\376\377\000o\000p\000e\000r\000a\000t\000i\000o\000n\000s}{section.4.2}% 45
\BOOKMARK [2][-]{subsection.4.2.9}{\376\377\000o\000p\000e\000r\000a\000t\000i\000o\000n\000\137\000i\000t\000e\000m\000s}{section.4.2}% 46
\BOOKMARK [2][-]{subsection.4.2.10}{\376\377\000u\000s\000e\000r\000s}{section.4.2}% 47
\BOOKMARK [2][-]{subsection.4.2.11}{\376\377\000a\000u\000t\000h\000o\000r\000i\000z\000a\000t\000i\000o\000n}{section.4.2}% 48
\BOOKMARK [2][-]{subsection.4.2.12}{\376\377\000g\000l\000o\000b\000a\000l\000\137\000a\000u\000t\000h\000o\000r\000i\000z\000a\000t\000i\000o\000n}{section.4.2}% 49
\BOOKMARK [2][-]{subsection.4.2.13}{\376\377\000a\000u\000t\000h\000e\000n\000t\000i\000c\000a\000t\000i\000o\000n\000\137\000t\000o\000k\000e\000n}{section.4.2}% 50
\BOOKMARK [2][-]{subsection.4.2.14}{\376\377\000u\000s\000e\000r\000s\000\137\000v\000i\000e\000w}{section.4.2}% 51
\BOOKMARK [2][-]{subsection.4.2.15}{\376\377\000a\000u\000t\000h\000o\000r\000i\000z\000a\000t\000i\000o\000n\000\137\000v\000i\000e\000w}{section.4.2}% 52
\BOOKMARK [2][-]{subsection.4.2.16}{\376\377\000a\000u\000t\000h\000e\000n\000t\000i\000c\000a\000t\000i\000o\000n\000\137\000t\000o\000k\000e\000n\000\137\000v\000i\000e\000w}{section.4.2}% 53
\BOOKMARK [2][-]{subsection.4.2.17}{\376\377\000w\000a\000r\000e\000h\000o\000u\000s\000e\000s\000\137\000v\000i\000e\000w}{section.4.2}% 54
\BOOKMARK [2][-]{subsection.4.2.18}{\376\377\000s\000t\000o\000r\000a\000g\000e\000s\000\137\000v\000i\000e\000w}{section.4.2}% 55
\BOOKMARK [2][-]{subsection.4.2.19}{\376\377\000i\000t\000e\000m\000\137\000t\000y\000p\000e\000s\000\137\000v\000i\000e\000w}{section.4.2}% 56
\BOOKMARK [2][-]{subsection.4.2.20}{\376\377\000u\000n\000i\000t\000s\000\137\000v\000i\000e\000w}{section.4.2}% 57
\BOOKMARK [2][-]{subsection.4.2.21}{\376\377\000o\000p\000e\000r\000a\000t\000i\000o\000n\000s\000\137\000v\000i\000e\000w}{section.4.2}% 58
\BOOKMARK [2][-]{subsection.4.2.22}{\376\377\000o\000p\000e\000r\000a\000t\000i\000o\000n\000\137\000i\000t\000e\000m\000s\000\137\000v\000i\000e\000w}{section.4.2}% 59
\BOOKMARK [2][-]{subsection.4.2.23}{\376\377\000i\000t\000e\000m\000\137\000s\000t\000a\000c\000k\000s\000\137\000v\000i\000e\000w}{section.4.2}% 60
\BOOKMARK [1][-]{section.4.3}{\376\377\000\040\000A\000p\000i\000\040\000s\000z\000e\000r\000v\000e\000r\000\040}{chapter.4}% 61
\BOOKMARK [2][-]{subsection.4.3.1}{\376\377\000\040\000F\000e\000l\000\351\000p\000\355\000t\000\351\000s\000\040}{section.4.3}% 62
\BOOKMARK [2][-]{subsection.4.3.2}{\376\377\000A\000p\000i\000R\000o\000u\000t\000e\000r\000.\000p\000h\000p}{section.4.3}% 63
\BOOKMARK [2][-]{subsection.4.3.3}{\376\377\000A\000P\000I\000U\000t\000i\000l\000s\000.\000p\000h\000p}{section.4.3}% 64
\BOOKMARK [2][-]{subsection.4.3.4}{\376\377\000\040\000D\000B\000.\000p\000h\000p\000\040}{section.4.3}% 65
\BOOKMARK [2][-]{subsection.4.3.5}{\376\377\000\040\000B\000a\000s\000e\000T\000r\000a\000i\000t\000.\000p\000h\000p\000\040}{section.4.3}% 66
\BOOKMARK [2][-]{subsection.4.3.6}{\376\377\000\040\000L\000o\000g\000g\000e\000r\000.\000p\000h\000p\000\040}{section.4.3}% 67
\BOOKMARK [2][-]{subsection.4.3.7}{\376\377\000\040\000S\000e\000t\000t\000i\000n\000g\000s\000.\000p\000h\000p\000\040}{section.4.3}% 68
\BOOKMARK [2][-]{subsection.4.3.8}{\376\377\000\040\000A\000u\000t\000h\000e\000n\000t\000i\000c\000a\000t\000i\000o\000n\000.\000p\000h\000p\000\040}{section.4.3}% 69
\BOOKMARK [1][-]{section.4.4}{\376\377\000W\000e\000b\000\040\000f\000r\000o\000n\000t\000e\000n\000d}{chapter.4}% 70
\BOOKMARK [2][-]{subsection.4.4.1}{\376\377\000\040\000\301\000t\000t\000e\000k\000i\000n\000t\000\351\000s\000\040}{section.4.4}% 71
\BOOKMARK [2][-]{subsection.4.4.2}{\376\377\000\311\000p\000\355\000t\000\351\000s}{section.4.4}% 72
\BOOKMARK [2][-]{subsection.4.4.3}{\376\377\000\040\000T\000e\000m\000p\000l\000a\000t\000e\000\040\000o\000s\000z\000t\000\341\000l\000y\000\040}{section.4.4}% 73
\BOOKMARK [2][-]{subsection.4.4.4}{\376\377\000\040\000V\000i\000e\000w\000\040\000o\000s\000z\000t\000\341\000l\000y\000\040}{section.4.4}% 74
\BOOKMARK [2][-]{subsection.4.4.5}{\376\377\000\040\000L\000i\000s\000t\000V\000i\000e\000w\000\040\000o\000s\000z\000t\000\341\000l\000y\000\040}{section.4.4}% 75
\BOOKMARK [2][-]{subsection.4.4.6}{\376\377\000\040\000L\000i\000s\000t\000E\000d\000i\000t\000V\000i\000e\000w\000\040\000o\000s\000z\000t\000\341\000l\000y\000\040}{section.4.4}% 76
\BOOKMARK [2][-]{subsection.4.4.7}{\376\377\000\040\000S\000e\000l\000e\000c\000t\000V\000i\000e\000w\000\040\000o\000s\000z\000t\000\341\000l\000y\000\040}{section.4.4}% 77
\BOOKMARK [2][-]{subsection.4.4.8}{\376\377\000\040\000D\000i\000a\000l\000o\000g\000V\000i\000e\000w\000\040\000o\000s\000z\000t\000\341\000l\000y\000\040}{section.4.4}% 78
\BOOKMARK [2][-]{subsection.4.4.9}{\376\377\000\040\000E\000d\000i\000t\000D\000i\000a\000l\000o\000g\000\040\000o\000s\000z\000t\000\341\000l\000y\000\040}{section.4.4}% 79
\BOOKMARK [1][-]{section.4.5}{\376\377\000A\000P\000I\000\040\000k\000\366\000n\000y\000v\000t\000\341\000r}{chapter.4}% 80
\BOOKMARK [2][-]{subsection.4.5.1}{\376\377\000\040\000\301\000t\000t\000e\000k\000i\000n\000t\000\351\000s\000\040}{section.4.5}% 81
\BOOKMARK [2][-]{subsection.4.5.2}{\376\377\000\040\000H\000T\000T\000P\000C\000o\000n\000n\000e\000c\000t\000o\000r\000\040\000o\000s\000z\000t\000\341\000l\000y\000\040}{section.4.5}% 82
\BOOKMARK [1][-]{section.4.6}{\376\377\000\040\000A\000s\000z\000t\000a\000l\000i\000\040\000k\000l\000i\000e\000n\000s\000\040}{chapter.4}% 83
\BOOKMARK [2][-]{subsection.4.6.1}{\376\377\000\040\000B\000e\000v\000e\000z\000e\000t\000\351\000s\000\040}{section.4.6}% 84
\BOOKMARK [2][-]{subsection.4.6.2}{\376\377\000\040\000W\000o\000r\000k\000e\000r\000\040\000o\000s\000z\000t\000\341\000l\000y\000\040}{section.4.6}% 85
\BOOKMARK [2][-]{subsection.4.6.3}{\376\377\000\040\000E\000a\000s\000y\000I\000n\000v\000e\000n\000t\000o\000r\000y\000D\000e\000s\000k\000t\000o\000p\000\040\000o\000s\000z\000t\000\341\000l\000y\000\040}{section.4.6}% 86
\BOOKMARK [2][-]{subsection.4.6.4}{\376\377\000\040\000B\000a\000s\000i\000c\000V\000i\000e\000w\000\040\000o\000s\000z\000t\000\341\000l\000y\000\040}{section.4.6}% 87
\BOOKMARK [2][-]{subsection.4.6.5}{\376\377\000\040\000S\000e\000l\000e\000c\000t\000V\000i\000e\000w\000\040\000o\000s\000z\000t\000\341\000l\000y\000\040}{section.4.6}% 88
\BOOKMARK [2][-]{subsection.4.6.6}{\376\377\000\040\000C\000a\000r\000d\000V\000i\000e\000w\000\040\000o\000s\000z\000t\000\341\000l\000y\000\040}{section.4.6}% 89
\BOOKMARK [2][-]{subsection.4.6.7}{\376\377\000\040\000E\000d\000i\000t\000a\000b\000l\000e\000V\000i\000e\000w\000\040\000o\000s\000z\000t\000\341\000l\000y\000\040}{section.4.6}% 90
\BOOKMARK [2][-]{subsection.4.6.8}{\376\377\000\040\000L\000o\000c\000a\000l\000E\000d\000i\000t\000a\000b\000l\000e\000V\000i\000e\000w\000\040\000o\000s\000z\000t\000\341\000l\000y\000\040}{section.4.6}% 91
\BOOKMARK [2][-]{subsection.4.6.9}{\376\377\000\040\000F\000o\000r\000m\000D\000i\000a\000l\000o\000g\000\040\000o\000s\000z\000t\000\341\000l\000y\000\040}{section.4.6}% 92
\BOOKMARK [2][-]{subsection.4.6.10}{\376\377\000\040\000E\000d\000i\000t\000D\000i\000a\000l\000o\000g\000\040\000o\000s\000z\000t\000\341\000l\000y\000\040}{section.4.6}% 93
\BOOKMARK [1][-]{section.4.7}{\376\377\000M\000o\000b\000i\000l\000\040\000k\000l\000i\000e\000n\000s}{chapter.4}% 94
\BOOKMARK [2][-]{subsection.4.7.1}{\376\377\000\040\000\301\000t\000t\000e\000k\000i\000n\000t\000\351\000s\000\040}{section.4.7}% 95
\BOOKMARK [2][-]{subsection.4.7.2}{\376\377\000\040\000M\000a\000i\000n\000A\000c\000t\000i\000v\000i\000t\000y\000\040\000o\000s\000z\000t\000\341\000l\000y\000\040}{section.4.7}% 96
\BOOKMARK [2][-]{subsection.4.7.3}{\376\377\000L\000o\000g\000g\000e\000d\000I\000n\000A\000c\000t\000i\000v\000i\000t\000y\000\040\000\040\000o\000s\000z\000t\000\341\000l\000y\000\040}{section.4.7}% 97
\BOOKMARK [2][-]{subsection.4.7.4}{\376\377\000W\000o\000r\000k\000e\000r\000\040\000\040\000o\000s\000z\000t\000\341\000l\000y\000\040}{section.4.7}% 98
\BOOKMARK [2][-]{subsection.4.7.5}{\376\377\000B\000a\000s\000e\000E\000d\000i\000t\000A\000c\000t\000i\000v\000i\000t\000y\000\040\000\040\000o\000s\000z\000t\000\341\000l\000y\000\040}{section.4.7}% 99
\BOOKMARK [2][-]{subsection.4.7.6}{\376\377\000L\000o\000c\000a\000l\000E\000d\000i\000t\000A\000c\000t\000i\000v\000i\000t\000y\000\040\000\040\000o\000s\000z\000t\000\341\000l\000y\000\040}{section.4.7}% 100
\BOOKMARK [2][-]{subsection.4.7.7}{\376\377\000P\000a\000g\000i\000n\000a\000t\000e\000d\000L\000i\000s\000t\000A\000c\000t\000i\000v\000i\000t\000y\000\040\000\040\000o\000s\000z\000t\000\341\000l\000y\000\040}{section.4.7}% 101
\BOOKMARK [2][-]{subsection.4.7.8}{\376\377\000B\000a\000s\000e\000L\000i\000s\000t\000A\000c\000t\000i\000v\000i\000t\000y\000\040\000\040\000o\000s\000z\000t\000\341\000l\000y\000\040}{section.4.7}% 102
\BOOKMARK [2][-]{subsection.4.7.9}{\376\377\000B\000a\000s\000e\000L\000i\000s\000t\000F\000r\000a\000g\000m\000e\000n\000t\000\040\000\040\000o\000s\000z\000t\000\341\000l\000y\000\040}{section.4.7}% 103
\BOOKMARK [2][-]{subsection.4.7.10}{\376\377\000L\000o\000c\000a\000l\000L\000i\000s\000t\000F\000r\000a\000g\000m\000e\000n\000t\000\040\000\040\000o\000s\000z\000t\000\341\000l\000y\000\040}{section.4.7}% 104
\BOOKMARK [2][-]{subsection.4.7.11}{\376\377\000S\000e\000l\000e\000c\000t\000a\000b\000l\000e\000A\000r\000r\000a\000y\000A\000d\000a\000p\000t\000e\000r\000\040\000\040\000o\000s\000z\000t\000\341\000l\000y\000\040}{section.4.7}% 105
\BOOKMARK [1][-]{section.4.8}{\376\377\000\040\000D\000o\000k\000u\000m\000e\000n\000t\000\341\000c\000i\000\363\000\040}{chapter.4}% 106
\BOOKMARK [2][-]{subsection.4.8.1}{\376\377\000\040\000\301\000t\000t\000e\000k\000i\000n\000t\000\351\000s\000\040}{section.4.8}% 107
\BOOKMARK [2][-]{subsection.4.8.2}{\376\377\000\040\000F\000e\000l\000h\000a\000s\000z\000n\000\341\000l\000\363\000i\000\040\000d\000o\000k\000u\000m\000e\000n\000t\000\341\000c\000i\000\363\000\040}{section.4.8}% 108
\BOOKMARK [2][-]{subsection.4.8.3}{\376\377\000\040\000K\000\363\000d\000\040\000d\000o\000k\000u\000m\000e\000n\000t\000\341\000c\000i\000\363\000\040}{section.4.8}% 109
\BOOKMARK [2][-]{subsection.4.8.4}{\376\377\000\040\000T\000e\000s\000z\000t\000\040\000d\000o\000k\000u\000m\000e\000n\000t\000\341\000c\000i\000\363\000\040}{section.4.8}% 110
\BOOKMARK [2][-]{subsection.4.8.5}{\376\377\000\040\000K\000\363\000d\000\040\000b\000e\000i\000l\000l\000e\000s\000z\000t\001\121\000\040}{section.4.8}% 111
\BOOKMARK [2][-]{subsection.4.8.6}{\376\377\000\040\000\311\000p\000\355\000t\000\351\000s\000\040}{section.4.8}% 112
\BOOKMARK [0][-]{chapter.5}{\376\377\000\040\000T\000e\000s\000z\000t\000\040\000D\000o\000k\000u\000m\000e\000n\000t\000\341\000c\000i\000\363\000\040}{}% 113
\BOOKMARK [1][-]{section.5.1}{\376\377\000\040\000A\000P\000I\000\040\000s\000z\000e\000r\000v\000e\000r\000\040}{chapter.5}% 114
\BOOKMARK [2][-]{subsection.5.1.1}{\376\377\000\040\000\301\000t\000t\000e\000k\000i\000n\000t\000\351\000s\000\040}{section.5.1}% 115
\BOOKMARK [2][-]{subsection.5.1.2}{\376\377\000\040\000E\0002\000E\000\040\000t\000e\000s\000z\000t\000e\000k\000\040}{section.5.1}% 116
\BOOKMARK [1][-]{section.5.2}{\376\377\000\040\000W\000e\000b\000\040\000f\000r\000o\000n\000t\000e\000n\000d\000\040}{chapter.5}% 117
\BOOKMARK [2][-]{subsection.5.2.1}{\376\377\000\040\000\301\000t\000t\000e\000k\000i\000n\000t\000\351\000s\000\040}{section.5.2}% 118
\BOOKMARK [2][-]{subsection.5.2.2}{\376\377\000\040\000E\0002\000E\000\040\000t\000e\000s\000z\000t\000e\000k\000\040}{section.5.2}% 119
\BOOKMARK [1][-]{section.5.3}{\376\377\000\040\000A\000s\000z\000t\000a\000l\000i\000\040\000a\000l\000k\000a\000l\000m\000a\000z\000\341\000s\000\040}{chapter.5}% 120
\BOOKMARK [2][-]{subsection.5.3.1}{\376\377\000\040\000\301\000t\000t\000e\000k\000i\000n\000t\000\351\000s\000\040}{section.5.3}% 121
\BOOKMARK [2][-]{subsection.5.3.2}{\376\377\000\040\000E\0002\000E\000\040\000t\000e\000s\000z\000t\000e\000k\000\040}{section.5.3}% 122
\BOOKMARK [2][-]{subsection.5.3.3}{\376\377\000\040\000N\000o\000d\000e\000M\000a\000t\000c\000h\000e\000r\000\040\000o\000s\000z\000t\000\341\000l\000y\000\040}{section.5.3}% 123
\BOOKMARK [1][-]{section.5.4}{\376\377\000\040\000M\000o\000b\000i\000l\000\040\000a\000l\000k\000a\000l\000m\000a\000z\000\341\000s\000\040}{chapter.5}% 124
\BOOKMARK [2][-]{subsection.5.4.1}{\376\377\000\040\000\301\000t\000t\000e\000k\000i\000n\000t\000\351\000s\000\040}{section.5.4}% 125
\BOOKMARK [2][-]{subsection.5.4.2}{\376\377\000\040\000E\0002\000E\000\040\000t\000e\000s\000z\000t\000e\000k\000\040}{section.5.4}% 126
\BOOKMARK [0][-]{chapter.6}{\376\377\000\040\000F\000e\000l\000h\000a\000s\000z\000n\000\341\000l\000\363\000i\000\040\000D\000o\000k\000u\000m\000e\000n\000t\000\341\000c\000i\000\363\000\040}{}% 127
\BOOKMARK [1][-]{section.6.1}{\376\377\000\040\000B\000e\000v\000e\000z\000e\000t\000\351\000s\000\040}{chapter.6}% 128
\BOOKMARK [2][-]{subsection.6.1.1}{\376\377\000\040\000F\000o\000g\000a\000l\000m\000a\000k\000\040}{section.6.1}% 129
\BOOKMARK [1][-]{section.6.2}{\376\377\000T\000e\000l\000e\000p\000\355\000t\000\351\000s}{chapter.6}% 130
\BOOKMARK [2][-]{subsection.6.2.1}{\376\377\000S\000e\000r\000v\000e\000r\000\040\000t\000e\000l\000e\000p\000\355\000t\000\351\000s}{section.6.2}% 131
\BOOKMARK [2][-]{subsection.6.2.2}{\376\377\000A\000s\000z\000t\000a\000l\000i\000\040\000k\000l\000i\000e\000n\000s\000\040\000t\000e\000l\000e\000p\000\355\000t\000\351\000s}{section.6.2}% 132
\BOOKMARK [2][-]{subsection.6.2.3}{\376\377\000M\000o\000b\000i\000l\000\040\000k\000l\000i\000e\000n\000s\000\040\000t\000e\000l\000e\000p\000\355\000t\000\351\000s}{section.6.2}% 133
\BOOKMARK [1][-]{section.6.3}{\376\377\000A\000d\000m\000i\000n\000i\000s\000z\000t\000r\000\341\000c\000i\000\363}{chapter.6}% 134
\BOOKMARK [2][-]{subsection.6.3.1}{\376\377\000\040\000A\000r\000h\000i\000v\000\341\000l\000t\000\040\000a\000d\000a\000t\000o\000k\000\040\000t\000\366\000r\000l\000\351\000s\000e\000\040}{section.6.3}% 135
\BOOKMARK [2][-]{subsection.6.3.2}{\376\377\000E\000s\000e\000m\000\351\000n\000y\000n\000a\000p\000l\000\363\000\040\000k\000e\000z\000e\000l\000\351\000s\000e}{section.6.3}% 136
\BOOKMARK [2][-]{subsection.6.3.3}{\376\377\000\040\000F\000e\000l\000h\000a\000s\000z\000n\000\341\000l\000\363\000\040\000k\000e\000z\000e\000l\000\351\000s\000\040}{section.6.3}% 137
\BOOKMARK [2][-]{subsection.6.3.4}{\376\377\000\040\000E\000n\000g\000e\000d\000\351\000l\000y\000e\000k\000\040}{section.6.3}% 138
\BOOKMARK [2][-]{subsection.6.3.5}{\376\377\000\040\000B\000e\000\341\000l\000l\000\355\000t\000\341\000s\000o\000k\000\040}{section.6.3}% 139
\BOOKMARK [1][-]{section.6.4}{\376\377\000H\000a\000s\000z\000n\000\341\000l\000a\000t}{chapter.6}% 140
\BOOKMARK [2][-]{subsection.6.4.1}{\376\377\000B\000e\000j\000e\000l\000e\000n\000t\000k\000e\000z\000\351\000s}{section.6.4}% 141
\BOOKMARK [2][-]{subsection.6.4.2}{\376\377\000F\000e\000l\000h\000a\000s\000z\000n\000\341\000l\000\363\000\040\000k\000e\000z\000e\000l\000\351\000s}{section.6.4}% 142
\BOOKMARK [2][-]{subsection.6.4.3}{\376\377\000E\000g\000y\000s\000\351\000g\000\040\000k\000e\000z\000e\000l\000\351\000s}{section.6.4}% 143
\BOOKMARK [2][-]{subsection.6.4.4}{\376\377\000\301\000r\000u\000c\000i\000k\000k\000e\000k\000\040\000k\000e\000z\000e\000l\000\351\000s\000e}{section.6.4}% 144
\BOOKMARK [2][-]{subsection.6.4.5}{\376\377\000T\000e\000l\000e\000p\000h\000e\000l\000y\000\040\000k\000e\000z\000e\000l\000\351\000s}{section.6.4}% 145
\BOOKMARK [2][-]{subsection.6.4.6}{\376\377\000R\000a\000k\000t\000\341\000r\000\040\000k\000e\000z\000e\000l\000\351\000s}{section.6.4}% 146
\BOOKMARK [2][-]{subsection.6.4.7}{\376\377\000M\001\161\000v\000e\000l\000e\000t\000e\000k}{section.6.4}% 147
\BOOKMARK [2][-]{subsection.6.4.8}{\376\377\000K\000e\000r\000e\000s\000\351\000s}{section.6.4}% 148
\BOOKMARK [1][-]{section.6.5}{\376\377\000H\000a\000s\000z\000n\000\341\000l\000a\000t\000i\000\040\000p\000\351\000l\000d\000\341\000k}{chapter.6}% 149
\BOOKMARK [2][-]{subsection.6.5.1}{\376\377\000F\000a\000t\000e\000l\000e\000p}{section.6.5}% 150
\BOOKMARK [2][-]{subsection.6.5.2}{\376\377\000B\000e\000v\000\341\000s\000\341\000r\000l\000\363\000\040\000k\000\366\000z\000p\000o\000n\000t}{section.6.5}% 151
\BOOKMARK [0][-]{chapter.7}{\376\377\000\040\000T\000o\000v\000\341\000b\000b\000f\000e\000j\000l\000e\000s\000z\000t\000\351\000s\000i\000\040\000l\000e\000h\000e\000t\001\121\000s\000\351\000g\000e\000k\000\040}{}% 152
\BOOKMARK [1][-]{section.7.1}{\376\377\000\040\000A\000d\000m\000i\000n\000i\000s\000z\000t\000r\000\341\000c\000i\000\363\000\040}{chapter.7}% 153
\BOOKMARK [2][-]{subsection.7.1.1}{\376\377\000\040\000I\000n\000t\000e\000g\000r\000\341\000c\000i\000\363\000\040\000m\000o\000n\000i\000t\000o\000r\000o\000z\000\363\000\040\000r\000e\000n\000d\000s\000z\000e\000r\000e\000k\000k\000e\000l\000\040}{section.7.1}% 154
\BOOKMARK [2][-]{subsection.7.1.2}{\376\377\000\040\000K\000\366\000z\000p\000o\000n\000t\000i\000\040\000b\000e\000l\000\351\000p\000t\000e\000t\001\121\000\040\000r\000e\000n\000d\000s\000z\000e\000r\000\040}{section.7.1}% 155
\BOOKMARK [2][-]{subsection.7.1.3}{\376\377\000\040\000W\000e\000b\000h\000o\000o\000k\000-\000o\000k\000\040}{section.7.1}% 156
\BOOKMARK [1][-]{section.7.2}{\376\377\000\040\000S\000t\000a\000t\000i\000s\000z\000t\000i\000k\000a\000\040}{chapter.7}% 157
\BOOKMARK [2][-]{subsection.7.2.1}{\376\377\000\040\000K\000\366\000r\000d\000i\000a\000g\000r\000a\000m\000\040\000t\000e\000l\000e\000p\000h\000e\000l\000y\000/\000r\000a\000k\000t\000\341\000r\000\040\000t\000a\000r\000t\000a\000l\000m\000\341\000r\000\363\000l\000\040}{section.7.2}% 158
\BOOKMARK [2][-]{subsection.7.2.2}{\376\377\000\040\000K\000\374\000l\000\366\000n\000b\000\366\000z\001\121\000\040\000r\000a\000k\000t\000\341\000r\000a\000k\000/\000t\000e\000l\000e\000p\000h\000e\000l\000y\000e\000k\000\040\000\366\000s\000s\000z\000e\000h\000a\000s\000o\000n\000l\000\355\000t\000\341\000s\000a\000\040}{section.7.2}% 159
\BOOKMARK [1][-]{section.7.3}{\376\377\000\040\000H\000a\000s\000z\000n\000\341\000l\000a\000t\000\040}{chapter.7}% 160
\BOOKMARK [2][-]{subsection.7.3.1}{\376\377\000\040\000T\000\351\000r\000k\000\351\000p\000\040\000a\000\040\000r\000a\000k\000t\000\341\000r\000r\000\363\000l\000\040\000\351\000s\000\040\000b\000e\000n\000n\000e\000\040\000a\000\040\000t\000\341\000r\000g\000y\000a\000k\000r\000\363\000l\000\040}{section.7.3}% 161
\BOOKMARK [2][-]{subsection.7.3.2}{\376\377\000\040\000R\000e\000n\000d\000s\000z\000e\000r\000e\000s\000\040\000m\001\161\000v\000e\000l\000e\000t\000\040\000o\000r\000d\000e\000r\000\040}{section.7.3}% 162
\BOOKMARK [2][-]{subsection.7.3.3}{\376\377\000\040\000M\000\351\000r\000t\000\351\000k\000e\000g\000y\000s\000\351\000g\000\040\000\341\000t\000v\000\341\000l\000t\000\341\000s\000\040}{section.7.3}% 163
\BOOKMARK [2][-]{subsection.7.3.4}{\376\377\000\040\000R\000a\000k\000t\000\341\000r\000t\000\355\000p\000u\000s\000o\000k\000\040}{section.7.3}% 164
\BOOKMARK [2][-]{subsection.7.3.5}{\376\377\000\040\000R\000i\000a\000s\000z\000t\000\341\000s\000\040\000b\000e\000\341\000l\000l\000\355\000t\000\341\000s\000\040}{section.7.3}% 165
\BOOKMARK [2][-]{subsection.7.3.6}{\376\377\000\040\000Q\000R\000\040\000k\000\363\000d\000\040\000o\000l\000v\000a\000s\000\363\000\040}{section.7.3}% 166
\BOOKMARK [0][-]{chapter.8}{\376\377\000\040\000F\000e\000l\000h\000a\000s\000z\000n\000\341\000l\000t\000\040\000i\000r\000o\000d\000a\000l\000o\000m\000\040}{}% 167
\BOOKMARK [0][-]{chapter.9}{\376\377\000\040\000M\000e\000l\000l\000\351\000k\000l\000e\000t\000e\000k\000\040}{}% 168
\BOOKMARK [1][-]{section.9.1}{\376\377\000F\000e\000l\000h\000a\000s\000z\000n\000\341\000l\000t\000\040\000k\000\366\000n\000y\000v\000t\000\341\000r\000a\000k}{chapter.9}% 169
\BOOKMARK [1][-]{section.9.2}{\376\377\000O\000n\000l\000i\000n\000e\000\040\000e\000l\000\351\000r\000h\000e\000t\001\121\000s\000\351\000g}{chapter.9}% 170
